\BOOKMARK [0][-]{chapter*.2}{\376\377\000A\000c\000k\000n\000o\000w\000l\000e\000d\000g\000m\000e\000n\000t\000s}{}% 1
\BOOKMARK [0][-]{chapter*.3}{\376\377\000A\000b\000s\000t\000r\000a\000c\000t}{}% 2
\BOOKMARK [0][-]{chapter*.4}{\376\377\000L\000i\000s\000t\000\040\000o\000f\000\040\000T\000a\000b\000l\000e\000s}{}% 3
\BOOKMARK [0][-]{chapter*.5}{\376\377\000L\000i\000s\000t\000\040\000o\000f\000\040\000F\000i\000g\000u\000r\000e\000s}{}% 4
\BOOKMARK [0][-]{chapter.1}{\376\377\000I\000n\000t\000r\000o\000d\000u\000c\000t\000i\000o\000n}{}% 5
\BOOKMARK [1][-]{section.1.1}{\376\377\000B\000a\000c\000k\000g\000r\000o\000u\000n\000d\000\040\000o\000f\000\040\000t\000h\000e\000\040\000S\000t\000u\000d\000y}{chapter.1}% 6
\BOOKMARK [1][-]{section.1.2}{\376\377\000S\000t\000a\000t\000e\000m\000e\000n\000t\000\040\000o\000f\000\040\000t\000h\000e\000\040\000P\000r\000o\000b\000l\000e\000m}{chapter.1}% 7
\BOOKMARK [1][-]{section.1.3}{\376\377\000O\000b\000j\000e\000c\000t\000i\000v\000e\000\040\000o\000f\000\040\000t\000h\000e\000\040\000S\000t\000u\000d\000y}{chapter.1}% 8
\BOOKMARK [2][-]{subsection.1.3.1}{\376\377\000G\000e\000n\000e\000r\000a\000l\000\040\000O\000b\000j\000e\000c\000t\000i\000v\000e\000\040\000o\000f\000\040\000t\000h\000e\000\040\000S\000t\000u\000d\000y}{section.1.3}% 9
\BOOKMARK [2][-]{subsection.1.3.2}{\376\377\000S\000p\000e\000c\000i\000f\000i\000c\000\040\000O\000b\000j\000e\000c\000t\000i\000v\000e\000\040\000o\000f\000\040\000t\000h\000e\000\040\000S\000t\000u\000d\000y}{section.1.3}% 10
\BOOKMARK [1][-]{section.1.4}{\376\377\000S\000i\000g\000n\000i\000f\000i\000c\000a\000n\000c\000e\000\040\000o\000f\000\040\000t\000h\000e\000\040\000S\000t\000u\000d\000y}{chapter.1}% 11
\BOOKMARK [1][-]{section.1.5}{\376\377\000S\000c\000o\000p\000e\000\040\000a\000n\000d\000\040\000L\000i\000m\000i\000t\000a\000t\000i\000o\000n}{chapter.1}% 12
\BOOKMARK [0][-]{chapter.2}{\376\377\000R\000e\000v\000i\000e\000w\000\040\000o\000f\000\040\000R\000e\000l\000a\000t\000e\000d\000\040\000L\000i\000t\000e\000r\000a\000t\000u\000r\000e}{}% 13
\BOOKMARK [1][-]{section.2.1}{\376\377\000R\000e\000s\000p\000i\000r\000a\000t\000o\000r\000y\000\040\000I\000n\000f\000e\000c\000t\000i\000o\000u\000s\000\040\000D\000i\000s\000e\000a\000s\000e\000s}{chapter.2}% 14
\BOOKMARK [2][-]{subsection.2.1.1}{\376\377\000C\000O\000V\000I\000D\000-\0001\0009}{section.2.1}% 15
\BOOKMARK [1][-]{section.2.2}{\376\377\000P\000u\000b\000l\000i\000c\000\040\000S\000c\000h\000o\000o\000l\000s\000\040\000H\000e\000a\000l\000t\000h\000\040\000P\000r\000o\000t\000o\000c\000o\000l\000\040\000f\000o\000r\000\040\000C\000O\000V\000I\000D\000-\0001\0009}{chapter.2}% 16
\BOOKMARK [1][-]{section.2.3}{\376\377\000A\000g\000e\000n\000t\000\040\000B\000a\000s\000e\000d\000\040\000M\000o\000d\000e\000l\000i\000n\000g}{chapter.2}% 17
\BOOKMARK [2][-]{subsection.2.3.1}{\376\377\000A\000B\000M\000\040\000f\000o\000r\000\040\000C\000O\000V\000I\000D\000-\0001\0009\000\040\000T\000r\000a\000n\000s\000m\000i\000s\000s\000i\000o\000n}{section.2.3}% 18
\BOOKMARK [1][-]{section.2.4}{\376\377\000G\000a\000m\000a\000\040\000P\000l\000a\000t\000f\000o\000r\000m}{chapter.2}% 19
\BOOKMARK [0][-]{chapter.3}{\376\377\000P\000r\000e\000l\000i\000m\000i\000n\000a\000r\000i\000e\000s}{}% 20
\BOOKMARK [1][-]{section.3.1}{\376\377\000\040\000C\000o\000m\000p\000a\000r\000t\000m\000e\000n\000t\000a\000l\000\040\000M\000o\000d\000e\000l}{chapter.3}% 21
\BOOKMARK [2][-]{subsection.3.1.1}{\376\377\000S\000u\000s\000c\000e\000p\000t\000i\000b\000l\000e\000-\000I\000n\000f\000e\000c\000t\000e\000d\000\040\000\050\000S\000I\000\051\000\040\000M\000o\000d\000e\000l}{section.3.1}% 22
\BOOKMARK [2][-]{subsection.3.1.2}{\376\377\000\040\000S\000u\000s\000c\000e\000p\000t\000i\000b\000l\000e\000-\000I\000n\000f\000e\000c\000t\000e\000d\000-\000R\000e\000c\000o\000v\000e\000r\000e\000d\000\040\000\050\000S\000I\000R\000\051\000\040\000M\000o\000d\000e\000l}{section.3.1}% 23
\BOOKMARK [2][-]{subsection.3.1.3}{\376\377\000S\000u\000s\000c\000e\000p\000t\000i\000b\000l\000e\000-\000E\000x\000p\000o\000s\000e\000d\000-\000I\000n\000f\000e\000c\000t\000e\000d\000-\000R\000e\000c\000o\000v\000e\000r\000e\000d\000\040\000\050\000S\000E\000I\000R\000\051\000\040\000M\000o\000d\000e\000l}{section.3.1}% 24
\BOOKMARK [2][-]{subsection.3.1.4}{\376\377\000A\000g\000e\000n\000t\000-\000B\000a\000s\000e\000d\000\040\000M\000o\000d\000e\000l\000l\000i\000n\000g}{section.3.1}% 25
\BOOKMARK [2][-]{subsection.3.1.5}{\376\377\000\040\000S\000i\000m\000u\000l\000a\000t\000i\000o\000n\000\040\000S\000p\000a\000c\000e}{section.3.1}% 26
\BOOKMARK [2][-]{subsection.3.1.6}{\376\377\000A\000g\000e\000n\000t\000s}{section.3.1}% 27
\BOOKMARK [2][-]{subsection.3.1.7}{\376\377\000E\000x\000p\000o\000s\000u\000r\000e\000\040\000a\000n\000d\000\040\000I\000n\000f\000e\000c\000t\000i\000o\000n\000\040\000R\000u\000l\000e}{section.3.1}% 28
\BOOKMARK [0][-]{chapter.4}{\376\377\000M\000e\000t\000h\000o\000d\000o\000l\000o\000g\000y}{}% 29
\BOOKMARK [1][-]{section.4.1}{\376\377\000M\000o\000d\000e\000l\000\040\000I\000m\000p\000l\000e\000m\000e\000n\000t\000a\000t\000i\000o\000n\000\040\000i\000n\000\040\000P\000C\000N\000H\000S}{chapter.4}% 30
\BOOKMARK [1][-]{section.4.2}{\376\377\000S\000E\000I\000R\000\040\000M\000o\000d\000e\000l}{chapter.4}% 31
\BOOKMARK [1][-]{section.4.3}{\376\377\000P\000a\000r\000a\000m\000e\000t\000e\000r\000s}{chapter.4}% 32
\BOOKMARK [1][-]{section.4.4}{\376\377\000S\000i\000m\000u\000l\000a\000t\000i\000o\000n\000\040\000S\000p\000a\000c\000e\000\040\000o\000f\000\040\000t\000h\000e\000\040\000S\000i\000m\000u\000l\000a\000t\000i\000o\000n}{chapter.4}% 33
\BOOKMARK [2][-]{subsection.4.4.1}{\376\377\000C\000o\000n\000s\000t\000r\000u\000c\000t\000i\000n\000g\000\040\000t\000h\000e\000\040\000S\000h\000a\000p\000e\000f\000i\000l\000e\000\040\000S\000t\000r\000u\000c\000t\000u\000r\000e}{section.4.4}% 34
\BOOKMARK [2][-]{subsection.4.4.2}{\376\377\000C\000l\000a\000s\000s\000r\000o\000o\000m\000s}{section.4.4}% 35
\BOOKMARK [2][-]{subsection.4.4.3}{\376\377\000Q\000u\000a\000r\000a\000n\000t\000i\000n\000e\000\040\000A\000r\000e\000a}{section.4.4}% 36
\BOOKMARK [2][-]{subsection.4.4.4}{\376\377\000E\000n\000v\000i\000r\000o\000n\000m\000e\000n\000t}{section.4.4}% 37
\BOOKMARK [2][-]{subsection.4.4.5}{\376\377\000R\000o\000a\000d\000\040\000N\000e\000t\000w\000o\000r\000k}{section.4.4}% 38
\BOOKMARK [1][-]{section.4.5}{\376\377\000\040\000T\000h\000e\000\040\000A\000g\000e\000n\000t\000s}{chapter.4}% 39
\BOOKMARK [2][-]{subsection.4.5.1}{\376\377\000P\000o\000s\000i\000t\000i\000o\000n\000\040\000a\000n\000d\000\040\000A\000s\000s\000i\000g\000n\000m\000e\000n\000t\000\040\000o\000f\000\040\000A\000g\000e\000n\000t\000\040\000i\000n\000t\000o\000\040\000t\000h\000e\000\040\000S\000i\000m\000u\000l\000a\000t\000i\000o\000n}{section.4.5}% 40
\BOOKMARK [2][-]{subsection.4.5.2}{\376\377\000S\000t\000a\000t\000e\000\040\000o\000f\000\040\000t\000h\000e\000\040\000A\000g\000e\000n\000t\000s\000\040\000i\000n\000\040\000t\000h\000e\000\040\000S\000i\000m\000u\000l\000a\000t\000i\000o\000n}{section.4.5}% 41
\BOOKMARK [2][-]{subsection.4.5.3}{\376\377\000M\000o\000v\000e\000m\000e\000n\000t\000\040\000R\000u\000l\000e\000\040\000o\000f\000\040\000t\000h\000e\000\040\000A\000g\000e\000n\000t\000s}{section.4.5}% 42
\BOOKMARK [2][-]{subsection.4.5.4}{\376\377\000T\000r\000a\000n\000s\000m\000i\000s\000s\000i\000o\000n\000\040\000o\000f\000\040\000t\000h\000e\000\040\000R\000e\000s\000p\000i\000r\000a\000t\000o\000r\000y\000\040\000I\000n\000f\000e\000c\000t\000i\000o\000u\000s\000\040\000D\000i\000s\000e\000a\000s\000e}{section.4.5}% 43
\BOOKMARK [1][-]{section.4.6}{\376\377\000\040\000S\000i\000m\000u\000l\000a\000t\000i\000o\000n\000\040\000S\000c\000e\000n\000a\000r\000i\000o\000s}{chapter.4}% 44
\BOOKMARK [2][-]{subsection.4.6.1}{\376\377\000\040\000S\000c\000e\000n\000a\000r\000i\000o\000\040\0001\000:\000\040\000V\000a\000r\000y\000i\000n\000g\000\040\000P\000r\000o\000t\000e\000c\000t\000i\000o\000n\000\040\000R\000a\000t\000e}{section.4.6}% 45
\BOOKMARK [2][-]{subsection.4.6.2}{\376\377\000\040\000S\000c\000e\000n\000a\000r\000i\000o\000\040\0002\000:\000\040\000V\000a\000r\000y\000i\000n\000g\000\040\000I\000n\000i\000t\000i\000a\000l\000\040\000E\000x\000p\000o\000s\000u\000r\000e\000\040\000R\000a\000t\000e}{section.4.6}% 46
\BOOKMARK [2][-]{subsection.4.6.3}{\376\377\000\040\000S\000c\000e\000n\000a\000r\000i\000o\000\040\0003\000:\000\040\000I\000m\000p\000l\000e\000m\000e\000n\000t\000a\000t\000i\000o\000n\000\040\000o\000f\000\040\000L\000o\000c\000k\000d\000o\000w\000n\000\040\000a\000n\000d\000\040\000Q\000u\000a\000r\000a\000n\000t\000i\000n\000e\000\040\000A\000r\000e\000a}{section.4.6}% 47
\BOOKMARK [1][-]{section.4.7}{\376\377\000G\000a\000t\000h\000e\000r\000i\000n\000g\000\040\000o\000f\000\040\000D\000a\000t\000a}{chapter.4}% 48
\BOOKMARK [0][-]{chapter.5}{\376\377\000R\000e\000s\000u\000l\000t\000s\000\040\000a\000n\000d\000\040\000D\000i\000s\000c\000u\000s\000s\000i\000o\000n}{}% 49
\BOOKMARK [1][-]{section.5.1}{\376\377\000\040\000S\000c\000e\000n\000a\000r\000i\000o\000\040\0001\000:\000\040\000V\000a\000r\000y\000i\000n\000g\000\040\000P\000r\000o\000t\000e\000c\000t\000i\000o\000n\000\040\000R\000a\000t\000e\000s}{chapter.5}% 50
\BOOKMARK [2][-]{subsection.5.1.1}{\376\377\000\040\000S\000c\000e\000n\000a\000r\000i\000o\000\040\0001\000.\0001\000\040\000S\000E\000I\000R\000\040\000D\000y\000n\000a\000m\000i\000c\000s\000\040\000i\000n\000\040\000a\000\040\0000\000\045\000\040\000P\000r\000o\000t\000e\000c\000t\000i\000o\000n\000\040\000R\000a\000t\000e}{section.5.1}% 51
\BOOKMARK [2][-]{subsection.5.1.2}{\376\377\000\040\000S\000c\000e\000n\000a\000r\000i\000o\000\040\0001\000.\0002\000\040\000S\000E\000I\000R\000\040\000D\000y\000n\000a\000m\000i\000c\000s\000\040\000i\000n\000\040\000a\000\040\0002\0005\000\045\000\040\000P\000r\000o\000t\000e\000c\000t\000i\000o\000n\000\040\000R\000a\000t\000e}{section.5.1}% 52
\BOOKMARK [2][-]{subsection.5.1.3}{\376\377\000\040\000S\000c\000e\000n\000a\000r\000i\000o\000\040\0001\000.\0003\000\040\000S\000E\000I\000R\000\040\000D\000y\000n\000a\000m\000i\000c\000s\000\040\000i\000n\000\040\000a\000\040\0005\0000\000\045\000\040\000P\000r\000o\000t\000e\000c\000t\000i\000o\000n\000\040\000R\000a\000t\000e}{section.5.1}% 53
\BOOKMARK [2][-]{subsection.5.1.4}{\376\377\000S\000c\000e\000n\000a\000r\000i\000o\000\040\0001\000.\0004\000\040\000S\000E\000I\000R\000\040\000D\000y\000n\000a\000m\000i\000c\000s\000\040\000i\000n\000\040\000a\000\040\0007\0005\000\045\000\040\000P\000r\000o\000t\000e\000c\000t\000i\000o\000n\000\040\000R\000a\000t\000e}{section.5.1}% 54
\BOOKMARK [2][-]{subsection.5.1.5}{\376\377\000\040\000S\000c\000e\000n\000a\000r\000i\000o\000\040\0001\000.\0005\000\040\000S\000E\000I\000R\000\040\000D\000y\000n\000a\000m\000i\000c\000s\000\040\000i\000n\000\040\000a\000\040\0001\0000\0000\000\045\000\040\000P\000r\000o\000t\000e\000c\000t\000i\000o\000n\000\040\000R\000a\000t\000e}{section.5.1}% 55
\BOOKMARK [2][-]{subsection.5.1.6}{\376\377\000\040\000C\000o\000m\000p\000a\000r\000i\000s\000o\000n\000\040\000o\000n\000\040\000t\000h\000e\000\040\000n\000u\000m\000b\000e\000r\000\040\000o\000f\000\040\000I\000n\000f\000e\000c\000t\000e\000d\000\040\000I\000n\000d\000i\000v\000i\000d\000u\000a\000l\000s\000\040\000a\000c\000r\000o\000s\000s\000\040\000d\000i\000f\000f\000e\000r\000e\000n\000t\000\040\000v\000a\000r\000y\000i\000n\000g\000\040\000P\000r\000o\000t\000e\000c\000t\000i\000o\000n\000\040\000r\000a\000t\000e\000s\000\040\000\050\0000\000\045\000,\000\040\0002\0005\000\045\000.\000\040\0005\0000\000\045\000.\000\040\0007\0005\000\045\000,\000\040\0001\0000\0000\000\045\000\051}{section.5.1}% 56
\BOOKMARK [1][-]{section.5.2}{\376\377\000\040\000S\000c\000e\000n\000a\000r\000i\000o\000\040\0002\000:\000\040\000V\000a\000r\000y\000i\000n\000g\000\040\000E\000x\000p\000o\000s\000u\000r\000e\000\040\000R\000a\000t\000e\000s}{chapter.5}% 57
\BOOKMARK [2][-]{subsection.5.2.1}{\376\377\000\040\000S\000c\000e\000n\000a\000r\000i\000o\000\040\0002\000.\0001\000\040\000S\000E\000I\000R\000\040\000D\000y\000n\000a\000m\000i\000c\000s\000\040\000i\000n\000\040\000a\000\040\0000\000\045\000\040\000I\000n\000i\000t\000i\000a\000l\000\040\000E\000x\000p\000o\000s\000u\000r\000e\000\040\000R\000a\000t\000e}{section.5.2}% 58
\BOOKMARK [2][-]{subsection.5.2.2}{\376\377\000\040\000S\000c\000e\000n\000a\000r\000i\000o\000\040\0002\000.\0002\000\040\000S\000E\000I\000R\000\040\000D\000y\000n\000a\000m\000i\000c\000s\000\040\000i\000n\000\040\000a\000\040\0002\0005\000\045\000\040\000I\000n\000i\000t\000i\000a\000l\000\040\000E\000x\000p\000o\000s\000u\000r\000e\000\040\000R\000a\000t\000e}{section.5.2}% 59
\BOOKMARK [2][-]{subsection.5.2.3}{\376\377\000S\000c\000e\000n\000a\000r\000i\000o\000\040\0002\000.\0003\000\040\000S\000E\000I\000R\000\040\000D\000y\000n\000a\000m\000i\000c\000s\000\040\000i\000n\000\040\000a\000\040\0005\0000\000\045\000\040\000I\000n\000i\000t\000i\000a\000l\000\040\000E\000x\000p\000o\000s\000u\000r\000e\000\040\000R\000a\000t\000e}{section.5.2}% 60
\BOOKMARK [2][-]{subsection.5.2.4}{\376\377\000\040\000S\000c\000e\000n\000a\000r\000i\000o\000\040\0002\000.\0004\000\040\000S\000E\000I\000R\000\040\000D\000y\000n\000a\000m\000i\000c\000s\000\040\000i\000n\000\040\000a\000\040\0007\0005\000\045\000\040\000I\000n\000i\000t\000i\000a\000l\000\040\000E\000x\000p\000o\000s\000u\000r\000e\000\040\000R\000a\000t\000e}{section.5.2}% 61
\BOOKMARK [2][-]{subsection.5.2.5}{\376\377\000\040\000C\000o\000m\000p\000a\000r\000i\000s\000o\000n\000\040\000o\000n\000\040\000t\000h\000e\000\040\000n\000u\000m\000b\000e\000r\000\040\000o\000f\000\040\000I\000n\000f\000e\000c\000t\000e\000d\000\040\000I\000n\000d\000i\000v\000i\000d\000u\000a\000l\000s\000\040\000a\000c\000r\000o\000s\000s\000\040\000d\000i\000f\000f\000e\000r\000e\000n\000t\000\040\000v\000a\000r\000y\000i\000n\000g\000\040\000I\000n\000i\000t\000i\000a\000l\000\040\000E\000x\000p\000o\000s\000u\000r\000e\000\040\000r\000a\000t\000e\000s\000\040\000\050\0000\000\045\000,\000\040\0002\0005\000\045\000.\000\040\0005\0000\000\045\000.\000\040\0007\0005\000\045\000\051}{section.5.2}% 62
\BOOKMARK [1][-]{section.5.3}{\376\377\000S\000c\000e\000n\000a\000r\000i\000o\000\040\0003\000:\000\040\000I\000m\000p\000l\000e\000m\000e\000n\000t\000a\000t\000i\000o\000n\000\040\000o\000f\000\040\000L\000o\000c\000k\000d\000o\000w\000n\000\040\000a\000n\000d\000\040\000Q\000u\000a\000r\000a\000n\000t\000i\000n\000e\000\040\000A\000r\000e\000a}{chapter.5}% 63
\BOOKMARK [2][-]{subsection.5.3.1}{\376\377\000\040\000S\000c\000e\000n\000a\000r\000i\000o\000\040\0003\000.\0001\000\040\000N\000o\000\040\000L\000o\000c\000k\000d\000o\000w\000n\000\040\000a\000n\000d\000\040\000N\000o\000\040\000Q\000u\000a\000r\000a\000n\000t\000i\000n\000e\000\040\000A\000r\000e\000a}{section.5.3}% 64
\BOOKMARK [2][-]{subsection.5.3.2}{\376\377\000\040\000S\000c\000e\000n\000a\000r\000i\000o\000\040\0003\000.\0002\000\040\000I\000m\000p\000l\000e\000m\000e\000n\000t\000a\000t\000i\000o\000n\000\040\000o\000f\000\040\000L\000o\000c\000k\000d\000o\000w\000n\000\040\000a\000n\000d\000\040\000N\000o\000\040\000Q\000u\000a\000r\000a\000n\000t\000i\000n\000e\000\040\000A\000r\000e\000a}{section.5.3}% 65
\BOOKMARK [2][-]{subsection.5.3.3}{\376\377\000\040\000S\000c\000e\000n\000a\000r\000i\000o\000\040\0003\000.\0003\000\040\000I\000m\000p\000l\000e\000m\000e\000n\000t\000a\000t\000i\000o\000n\000\040\000o\000f\000\040\000h\000a\000v\000i\000n\000g\000\040\000a\000\040\000Q\000u\000a\000r\000a\000n\000t\000i\000n\000e\000\040\000A\000r\000e\000a\000\040\000a\000n\000d\000\040\000N\000o\000\040\000L\000o\000c\000k\000d\000o\000w\000n}{section.5.3}% 66
\BOOKMARK [2][-]{subsection.5.3.4}{\376\377\000\040\000S\000c\000e\000n\000a\000r\000i\000o\000\040\0003\000.\0004\000\040\000I\000m\000p\000l\000e\000m\000e\000n\000t\000a\000t\000i\000o\000n\000\040\000o\000f\000\040\000L\000o\000c\000k\000d\000o\000w\000n\000\040\000a\000n\000d\000\040\000Q\000u\000a\000r\000a\000n\000t\000i\000n\000e\000\040\000A\000r\000e\000a}{section.5.3}% 67
\BOOKMARK [2][-]{subsection.5.3.5}{\376\377\000\040\000C\000o\000m\000p\000a\000r\000i\000s\000o\000n\000\040\000o\000n\000\040\000t\000h\000e\000\040\000n\000u\000m\000b\000e\000r\000\040\000o\000f\000\040\000I\000n\000f\000e\000c\000t\000e\000d\000\040\000I\000n\000d\000i\000v\000i\000d\000u\000a\000l\000s\000\040\000a\000c\000r\000o\000s\000s\000\040\000d\000i\000f\000f\000e\000r\000e\000n\000t\000\040\000v\000a\000r\000y\000i\000n\000g\000\040\000I\000m\000p\000l\000e\000m\000e\000n\000t\000a\000t\000i\000o\000n\000\040\000o\000f\000\040\000L\000o\000c\000k\000d\000o\000w\000n\000\040\000a\000n\000d\000\040\000Q\000u\000a\000r\000a\000n\000t\000i\000n\000e\000\040\000A\000r\000e\000a}{section.5.3}% 68
\BOOKMARK [0][-]{chapter.6}{\376\377\000C\000o\000n\000c\000l\000u\000s\000i\000o\000n\000\040\000a\000n\000d\000\040\000R\000e\000c\000o\000m\000m\000e\000n\000d\000a\000t\000i\000o\000n}{}% 69
\BOOKMARK [1][-]{section.6.1}{\376\377\000C\000o\000n\000c\000l\000u\000s\000i\000o\000n}{chapter.6}% 70
\BOOKMARK [1][-]{section.6.2}{\376\377\000R\000e\000c\000o\000m\000m\000e\000n\000d\000a\000t\000i\000o\000n}{chapter.6}% 71
\BOOKMARK [0][-]{chapter*.117}{\376\377\000L\000i\000s\000t\000\040\000o\000f\000\040\000R\000e\000f\000e\000r\000e\000n\000c\000e\000s}{}% 72
\BOOKMARK [0][-]{appendix.A}{\376\377\000P\000o\000p\000u\000l\000a\000t\000i\000o\000n\000\040\000D\000a\000t\000a\000\040\000f\000o\000r\000\040\000\040\000P\000i\000n\000e\000s\000\040\000C\000i\000t\000y\000\040\000N\000a\000t\000i\000o\000n\000a\000l\000\040\000H\000i\000g\000h\000\040\000S\000c\000h\000o\000o\000l\000\040}{}% 73
\BOOKMARK [0][-]{appendix.B}{\376\377\000T\000a\000b\000l\000e\000\040\000f\000o\000r\000\040\0000\000\045\000\040\000P\000r\000o\000t\000e\000c\000t\000i\000o\000n\000\040\000R\000a\000t\000e}{}% 74
\BOOKMARK [0][-]{appendix.C}{\376\377\000T\000a\000b\000l\000e\000\040\000f\000o\000r\000\040\0002\0005\000\045\000\040\000P\000r\000o\000t\000e\000c\000t\000i\000o\000n\000\040\000R\000a\000t\000e}{}% 75
\BOOKMARK [0][-]{appendix.D}{\376\377\000T\000a\000b\000l\000e\000\040\000f\000o\000r\000\040\0005\0000\000\045\000\040\000P\000r\000o\000t\000e\000c\000t\000i\000o\000n\000\040\000R\000a\000t\000e}{}% 76
\BOOKMARK [0][-]{appendix.E}{\376\377\000T\000a\000b\000l\000e\000\040\000f\000o\000r\000\040\0007\0005\000\045\000\040\000P\000r\000o\000t\000e\000c\000t\000i\000o\000n\000\040\000R\000a\000t\000e}{}% 77
\BOOKMARK [0][-]{appendix.F}{\376\377\000T\000a\000b\000l\000e\000\040\000f\000o\000r\000\040\0001\0000\0000\000\045\000\040\000P\000r\000o\000t\000e\000c\000t\000i\000o\000n\000\040\000R\000a\000t\000e}{}% 78
\BOOKMARK [0][-]{appendix.G}{\376\377\000T\000a\000b\000l\000e\000\040\000f\000o\000r\000\040\000t\000h\000e\000\040\000c\000o\000m\000p\000a\000r\000i\000s\000o\000n\000\040\000o\000f\000\040\000a\000l\000l\000\040\000t\000h\000e\000\040\000P\000r\000o\000t\000e\000c\000t\000i\000o\000n\000\040\000R\000a\000t\000e\000s}{}% 79
\BOOKMARK [0][-]{appendix.H}{\376\377\000T\000a\000b\000l\000e\000\040\000f\000o\000r\000\040\0000\000\045\000\040\000I\000n\000i\000t\000i\000a\000l\000\040\000E\000x\000p\000o\000s\000u\000r\000e\000\040\000R\000a\000t\000e}{}% 80
\BOOKMARK [0][-]{appendix.I}{\376\377\000T\000a\000b\000l\000e\000\040\000f\000o\000r\000\040\0002\0005\000\045\000\040\000I\000n\000i\000t\000i\000a\000l\000\040\000E\000x\000p\000o\000s\000u\000r\000e\000\040\000R\000a\000t\000e}{}% 81
\BOOKMARK [0][-]{appendix.J}{\376\377\000T\000a\000b\000l\000e\000\040\000f\000o\000r\000\040\0005\0000\000\045\000\040\000I\000n\000i\000t\000i\000a\000l\000\040\000E\000x\000p\000o\000s\000u\000r\000e\000\040\000R\000a\000t\000e}{}% 82
\BOOKMARK [0][-]{appendix.K}{\376\377\000T\000a\000b\000l\000e\000\040\000f\000o\000r\000\040\0007\0005\000\045\000\040\000I\000n\000i\000t\000i\000a\000l\000\040\000E\000x\000p\000o\000s\000u\000r\000e\000\040\000R\000a\000t\000e}{}% 83
\BOOKMARK [0][-]{appendix.L}{\376\377\000T\000a\000b\000l\000e\000\040\000f\000o\000r\000\040\000t\000h\000e\000\040\000c\000o\000m\000p\000a\000r\000i\000s\000o\000n\000\040\000o\000f\000\040\000t\000h\000e\000\040\000I\000m\000p\000l\000e\000m\000e\000n\000t\000a\000t\000i\000o\000n\000\040\000o\000f\000\040\000L\000o\000c\000k\000d\000o\000w\000n\000\040\000a\000n\000d\000\040\000Q\000u\000a\000r\000a\000n\000t\000i\000n\000e\000\040\000A\000r\000e\000a}{}% 84
\BOOKMARK [0][-]{appendix.M}{\376\377\000T\000a\000b\000l\000e\000\040\000f\000o\000r\000\040\000N\000o\000\040\000L\000o\000c\000k\000d\000o\000w\000n\000\040\000\040\000a\000n\000d\000\040\000N\000o\000\040\000Q\000u\000a\000r\000a\000n\000t\000i\000n\000e\000\040\000A\000r\000e\000a}{}% 85
\BOOKMARK [0][-]{appendix.N}{\376\377\000T\000a\000b\000l\000e\000\040\000f\000o\000r\000\040\000L\000o\000c\000k\000d\000o\000w\000n\000\040\000a\000n\000d\000\040\000\040\000N\000o\000\040\000Q\000u\000a\000r\000a\000n\000t\000i\000n\000e\000\040\000A\000r\000e\000a}{}% 86
\BOOKMARK [0][-]{appendix.O}{\376\377\000T\000a\000b\000l\000e\000\040\000f\000o\000r\000\040\000Q\000u\000a\000r\000a\000n\000t\000i\000n\000e\000\040\000A\000r\000e\000a\000\040\000a\000n\000d\000\040\000\040\000N\000o\000\040\000L\000o\000c\000k\000d\000o\000w\000n}{}% 87
\BOOKMARK [0][-]{appendix.P}{\376\377\000T\000a\000b\000l\000e\000\040\000f\000o\000r\000\040\000Q\000u\000a\000r\000a\000n\000t\000i\000n\000e\000\040\000A\000r\000e\000a\000\040\000a\000n\000d\000\040\000L\000o\000c\000k\000d\000o\000w\000n}{}% 88
\BOOKMARK [0][-]{appendix.Q}{\376\377\000T\000a\000b\000l\000e\000\040\000f\000o\000r\000\040\000t\000h\000e\000\040\000c\000o\000m\000p\000a\000r\000i\000s\000o\000n\000\040\000o\000f\000\040\000a\000l\000l\000\040\000t\000h\000e\000\040\000I\000n\000i\000t\000i\000a\000l\000\040\000E\000x\000p\000o\000s\000u\000r\000e\000\040\000R\000a\000t\000e\000s\000\040}{}% 89
\BOOKMARK [0][-]{appendix.R}{\376\377\000S\000o\000u\000r\000c\000e\000\040\000C\000o\000d\000e\000\040\000f\000o\000r\000\040\000V\000a\000r\000y\000i\000n\000g\000\040\000P\000r\000o\000t\000e\000c\000t\000i\000o\000n\000\040\000R\000a\000t\000e}{}% 90
\BOOKMARK [0][-]{appendix.S}{\376\377\000S\000o\000u\000r\000c\000e\000\040\000C\000o\000d\000e\000\040\000f\000o\000r\000\040\000V\000a\000r\000y\000i\000n\000g\000\040\000I\000n\000i\000t\000i\000a\000l\000\040\000E\000x\000p\000o\000s\000u\000r\000e\000\040\000R\000a\000t\000e}{}% 91
\BOOKMARK [0][-]{appendix.T}{\376\377\000S\000o\000u\000r\000c\000e\000\040\000C\000o\000d\000e\000\040\000f\000o\000r\000\040\000I\000m\000p\000l\000e\000m\000e\000n\000t\000a\000t\000i\000o\000n\000\040\000o\000f\000\040\000\040\000L\000o\000c\000k\000d\000o\000w\000n\000\040\000a\000n\000d\000\040\000Q\000u\000a\000r\000a\000n\000t\000i\000n\000e\000\040\000A\000r\000e\000a}{}% 92
