This is pdfTeX, Version 3.141592653-2.6-1.40.26 (MiKTeX 24.4) (preloaded format=pdflatex 2024.5.1)  12 JUN 2024 18:18
entering extended mode
 restricted \write18 enabled.
 %&-line parsing enabled.
**./UPBMain.tex
(UPBMain.tex
LaTeX2e <2023-11-01> patch level 1
L3 programming layer <2024-03-14>
(C:\Users\mjayn\AppData\Local\Programs\MiKTeX\tex/latex/base\report.cls
Document Class: report 2023/05/17 v1.4n Standard LaTeX document class
(C:\Users\mjayn\AppData\Local\Programs\MiKTeX\tex/latex/base\size12.clo
File: size12.clo 2023/05/17 v1.4n Standard LaTeX file (size option)
)
\c@part=\count188
\c@chapter=\count189
\c@section=\count190
\c@subsection=\count191
\c@subsubsection=\count192
\c@paragraph=\count193
\c@subparagraph=\count194
\c@figure=\count195
\c@table=\count196
\abovecaptionskip=\skip48
\belowcaptionskip=\skip49
\bibindent=\dimen140
)
(C:\Users\mjayn\AppData\Local\Programs\MiKTeX\tex/latex/graphics\epsfig.sty
Package: epsfig 2017/06/25 v1.7b (e)psfig emulation (SPQR)

(C:\Users\mjayn\AppData\Local\Programs\MiKTeX\tex/latex/graphics\graphicx.sty
Package: graphicx 2021/09/16 v1.2d Enhanced LaTeX Graphics (DPC,SPQR)

(C:\Users\mjayn\AppData\Local\Programs\MiKTeX\tex/latex/graphics\keyval.sty
Package: keyval 2022/05/29 v1.15 key=value parser (DPC)
\KV@toks@=\toks17
)
(C:\Users\mjayn\AppData\Local\Programs\MiKTeX\tex/latex/graphics\graphics.sty
Package: graphics 2022/03/10 v1.4e Standard LaTeX Graphics (DPC,SPQR)

(C:\Users\mjayn\AppData\Local\Programs\MiKTeX\tex/latex/graphics\trig.sty
Package: trig 2021/08/11 v1.11 sin cos tan (DPC)
)
(C:\Users\mjayn\AppData\Local\Programs\MiKTeX\tex/latex/graphics-cfg\graphics.c
fg
File: graphics.cfg 2016/06/04 v1.11 sample graphics configuration
)
Package graphics Info: Driver file: pdftex.def on input line 107.

(C:\Users\mjayn\AppData\Local\Programs\MiKTeX\tex/latex/graphics-def\pdftex.def
File: pdftex.def 2024/04/13 v1.2c Graphics/color driver for pdftex
))
\Gin@req@height=\dimen141
\Gin@req@width=\dimen142
)
\epsfxsize=\dimen143
\epsfysize=\dimen144
) (UPBcomsci.sty
UP Baguio Computer Science Special Problem Option Ver. 02.15.2013 
) (UPBnotations.sty
Using UPB DMCS Notations Style.
\c@definition=\count197
\c@theorem=\count198
) (C:\Users\mjayn\AppData\Local\Programs\MiKTeX\tex/latex/tools\tabularx.sty
Package: tabularx 2023/07/08 v2.11c `tabularx' package (DPC)

(C:\Users\mjayn\AppData\Local\Programs\MiKTeX\tex/latex/tools\array.sty
Package: array 2023/10/16 v2.5g Tabular extension package (FMi)
\col@sep=\dimen145
\ar@mcellbox=\box51
\extrarowheight=\dimen146
\NC@list=\toks18
\extratabsurround=\skip50
\backup@length=\skip51
\ar@cellbox=\box52
)
\TX@col@width=\dimen147
\TX@old@table=\dimen148
\TX@old@col=\dimen149
\TX@target=\dimen150
\TX@delta=\dimen151
\TX@cols=\count199
\TX@ftn=\toks19
)
(C:\Users\mjayn\AppData\Local\Programs\MiKTeX\tex/latex/comment\comment.sty
\CommentStream=\write3

Excluding comment 'comment')
(C:\Users\mjayn\AppData\Local\Programs\MiKTeX\tex/latex/amsfonts\amssymb.sty
Package: amssymb 2013/01/14 v3.01 AMS font symbols

(C:\Users\mjayn\AppData\Local\Programs\MiKTeX\tex/latex/amsfonts\amsfonts.sty
Package: amsfonts 2013/01/14 v3.01 Basic AMSFonts support
\@emptytoks=\toks20
\symAMSa=\mathgroup4
\symAMSb=\mathgroup5
LaTeX Font Info:    Redeclaring math symbol \hbar on input line 98.
LaTeX Font Info:    Overwriting math alphabet `\mathfrak' in version `bold'
(Font)                  U/euf/m/n --> U/euf/b/n on input line 106.
)) (C:\Users\mjayn\AppData\Local\Programs\MiKTeX\tex/latex/amsmath\amsmath.sty
Package: amsmath 2023/05/13 v2.17o AMS math features
\@mathmargin=\skip52

For additional information on amsmath, use the `?' option.
(C:\Users\mjayn\AppData\Local\Programs\MiKTeX\tex/latex/amsmath\amstext.sty
Package: amstext 2021/08/26 v2.01 AMS text

(C:\Users\mjayn\AppData\Local\Programs\MiKTeX\tex/latex/amsmath\amsgen.sty
File: amsgen.sty 1999/11/30 v2.0 generic functions
\@emptytoks=\toks21
\ex@=\dimen152
))
(C:\Users\mjayn\AppData\Local\Programs\MiKTeX\tex/latex/amsmath\amsbsy.sty
Package: amsbsy 1999/11/29 v1.2d Bold Symbols
\pmbraise@=\dimen153
)
(C:\Users\mjayn\AppData\Local\Programs\MiKTeX\tex/latex/amsmath\amsopn.sty
Package: amsopn 2022/04/08 v2.04 operator names
)
\inf@bad=\count266
LaTeX Info: Redefining \frac on input line 234.
\uproot@=\count267
\leftroot@=\count268
LaTeX Info: Redefining \overline on input line 399.
LaTeX Info: Redefining \colon on input line 410.
\classnum@=\count269
\DOTSCASE@=\count270
LaTeX Info: Redefining \ldots on input line 496.
LaTeX Info: Redefining \dots on input line 499.
LaTeX Info: Redefining \cdots on input line 620.
\Mathstrutbox@=\box53
\strutbox@=\box54
LaTeX Info: Redefining \big on input line 722.
LaTeX Info: Redefining \Big on input line 723.
LaTeX Info: Redefining \bigg on input line 724.
LaTeX Info: Redefining \Bigg on input line 725.
\big@size=\dimen154
LaTeX Font Info:    Redeclaring font encoding OML on input line 743.
LaTeX Font Info:    Redeclaring font encoding OMS on input line 744.
\macc@depth=\count271
LaTeX Info: Redefining \bmod on input line 905.
LaTeX Info: Redefining \pmod on input line 910.
LaTeX Info: Redefining \smash on input line 940.
LaTeX Info: Redefining \relbar on input line 970.
LaTeX Info: Redefining \Relbar on input line 971.
\c@MaxMatrixCols=\count272
\dotsspace@=\muskip16
\c@parentequation=\count273
\dspbrk@lvl=\count274
\tag@help=\toks22
\row@=\count275
\column@=\count276
\maxfields@=\count277
\andhelp@=\toks23
\eqnshift@=\dimen155
\alignsep@=\dimen156
\tagshift@=\dimen157
\tagwidth@=\dimen158
\totwidth@=\dimen159
\lineht@=\dimen160
\@envbody=\toks24
\multlinegap=\skip53
\multlinetaggap=\skip54
\mathdisplay@stack=\toks25
LaTeX Info: Redefining \[ on input line 2953.
LaTeX Info: Redefining \] on input line 2954.
)
(C:\Users\mjayn\AppData\Local\Programs\MiKTeX\tex/latex/subfigure\subfigure.sty
Package: subfigure 2002/07/30 v2.1.4 subfigure package
\subfigtopskip=\skip55
\subfigcapskip=\skip56
\subfigcaptopadj=\dimen161
\subfigbottomskip=\skip57
\subfigcapmargin=\dimen162
\subfiglabelskip=\skip58
\c@subfigure=\count278
\c@lofdepth=\count279
\c@subtable=\count280
\c@lotdepth=\count281
****************************************
* Local config file subfigure.cfg used *
****************************************

(C:\Users\mjayn\AppData\Local\Programs\MiKTeX\tex/latex/subfigure\subfigure.cfg
)
\subfig@top=\skip59
\subfig@bottom=\skip60
)
(C:\Users\mjayn\AppData\Local\Programs\MiKTeX\tex/latex/caption\subcaption.sty
Package: subcaption 2023/07/28 v1.6b Sub-captions (AR)

(C:\Users\mjayn\AppData\Local\Programs\MiKTeX\tex/latex/caption\caption.sty
Package: caption 2023/08/05 v3.6o Customizing captions (AR)

(C:\Users\mjayn\AppData\Local\Programs\MiKTeX\tex/latex/caption\caption3.sty
Package: caption3 2023/07/31 v2.4d caption3 kernel (AR)
\caption@tempdima=\dimen163
\captionmargin=\dimen164
\caption@leftmargin=\dimen165
\caption@rightmargin=\dimen166
\caption@width=\dimen167
\caption@indent=\dimen168
\caption@parindent=\dimen169
\caption@hangindent=\dimen170
Package caption Info: Unknown document class (or package),
(caption)             standard defaults will be used.
Package caption Info: \@makecaption = \long macro:#1#2->\protect \vskip 10pt \s
etbox \@tempboxa \hbox {{\bf #1}: #2} \ifdim \wd \@tempboxa >\hsize \unhbox \@t
empboxa \par \else \hbox to\hsize {\hfil \box \@tempboxa \hfil } \fi  on input 
line 1175.
)

Package caption Warning: Unknown document class (or package),
(caption)                standard defaults will be used.
See the caption package documentation for explanation.

\c@caption@flags=\count282
\c@continuedfloat=\count283
Package caption Info: subfigure package is loaded.
)
LaTeX Info: Redefining \subref on input line 189.
Package subcaption Info: The counter `subfigure' was already defined by
(subcaption)             an unknown document class or package on input line 238
.
Package subcaption Info: The counter `subtable' was already defined by
(subcaption)             an unknown document class or package on input line 238
.
)
(C:\Users\mjayn\AppData\Local\Programs\MiKTeX\tex/latex/hyperref\hyperref.sty
Package: hyperref 2024-01-20 v7.01h Hypertext links for LaTeX

(C:\Users\mjayn\AppData\Local\Programs\MiKTeX\tex/generic/iftex\iftex.sty
Package: iftex 2022/02/03 v1.0f TeX engine tests
)
(C:\Users\mjayn\AppData\Local\Programs\MiKTeX\tex/latex/kvsetkeys\kvsetkeys.sty
Package: kvsetkeys 2022-10-05 v1.19 Key value parser (HO)
)
(C:\Users\mjayn\AppData\Local\Programs\MiKTeX\tex/generic/kvdefinekeys\kvdefine
keys.sty
Package: kvdefinekeys 2019-12-19 v1.6 Define keys (HO)
)
(C:\Users\mjayn\AppData\Local\Programs\MiKTeX\tex/generic/pdfescape\pdfescape.s
ty
Package: pdfescape 2019/12/09 v1.15 Implements pdfTeX's escape features (HO)

(C:\Users\mjayn\AppData\Local\Programs\MiKTeX\tex/generic/ltxcmds\ltxcmds.sty
Package: ltxcmds 2023-12-04 v1.26 LaTeX kernel commands for general use (HO)
)
(C:\Users\mjayn\AppData\Local\Programs\MiKTeX\tex/generic/pdftexcmds\pdftexcmds
.sty
Package: pdftexcmds 2020-06-27 v0.33 Utility functions of pdfTeX for LuaTeX (HO
)

(C:\Users\mjayn\AppData\Local\Programs\MiKTeX\tex/generic/infwarerr\infwarerr.s
ty
Package: infwarerr 2019/12/03 v1.5 Providing info/warning/error messages (HO)
)
Package pdftexcmds Info: \pdf@primitive is available.
Package pdftexcmds Info: \pdf@ifprimitive is available.
Package pdftexcmds Info: \pdfdraftmode found.
))
(C:\Users\mjayn\AppData\Local\Programs\MiKTeX\tex/latex/hycolor\hycolor.sty
Package: hycolor 2020-01-27 v1.10 Color options for hyperref/bookmark (HO)
)
(C:\Users\mjayn\AppData\Local\Programs\MiKTeX\tex/latex/auxhook\auxhook.sty
Package: auxhook 2019-12-17 v1.6 Hooks for auxiliary files (HO)
)
(C:\Users\mjayn\AppData\Local\Programs\MiKTeX\tex/latex/hyperref\nameref.sty
Package: nameref 2023-11-26 v2.56 Cross-referencing by name of section

(C:\Users\mjayn\AppData\Local\Programs\MiKTeX\tex/latex/refcount\refcount.sty
Package: refcount 2019/12/15 v3.6 Data extraction from label references (HO)
)
(C:\Users\mjayn\AppData\Local\Programs\MiKTeX\tex/generic/gettitlestring\gettit
lestring.sty
Package: gettitlestring 2019/12/15 v1.6 Cleanup title references (HO)

(C:\Users\mjayn\AppData\Local\Programs\MiKTeX\tex/latex/kvoptions\kvoptions.sty
Package: kvoptions 2022-06-15 v3.15 Key value format for package options (HO)
))
\c@section@level=\count284
)
(C:\Users\mjayn\AppData\Local\Programs\MiKTeX\tex/latex/etoolbox\etoolbox.sty
Package: etoolbox 2020/10/05 v2.5k e-TeX tools for LaTeX (JAW)
\etb@tempcnta=\count285
)
\@linkdim=\dimen171
\Hy@linkcounter=\count286
\Hy@pagecounter=\count287

(C:\Users\mjayn\AppData\Local\Programs\MiKTeX\tex/latex/hyperref\pd1enc.def
File: pd1enc.def 2024-01-20 v7.01h Hyperref: PDFDocEncoding definition (HO)
Now handling font encoding PD1 ...
... no UTF-8 mapping file for font encoding PD1
)
(C:\Users\mjayn\AppData\Local\Programs\MiKTeX\tex/generic/intcalc\intcalc.sty
Package: intcalc 2019/12/15 v1.3 Expandable calculations with integers (HO)
)
\Hy@SavedSpaceFactor=\count288

(C:\Users\mjayn\AppData\Local\Programs\MiKTeX\tex/latex/hyperref\puenc.def
File: puenc.def 2024-01-20 v7.01h Hyperref: PDF Unicode definition (HO)
Now handling font encoding PU ...
... no UTF-8 mapping file for font encoding PU
)
Package hyperref Info: Hyper figures OFF on input line 4179.
Package hyperref Info: Link nesting OFF on input line 4184.
Package hyperref Info: Hyper index ON on input line 4187.
Package hyperref Info: Plain pages OFF on input line 4194.
Package hyperref Info: Backreferencing OFF on input line 4199.
Package hyperref Info: Implicit mode ON; LaTeX internals redefined.
Package hyperref Info: Bookmarks ON on input line 4446.
\c@Hy@tempcnt=\count289

(C:\Users\mjayn\AppData\Local\Programs\MiKTeX\tex/latex/url\url.sty
\Urlmuskip=\muskip17
Package: url 2013/09/16  ver 3.4  Verb mode for urls, etc.
)
LaTeX Info: Redefining \url on input line 4784.
\XeTeXLinkMargin=\dimen172

(C:\Users\mjayn\AppData\Local\Programs\MiKTeX\tex/generic/bitset\bitset.sty
Package: bitset 2019/12/09 v1.3 Handle bit-vector datatype (HO)

(C:\Users\mjayn\AppData\Local\Programs\MiKTeX\tex/generic/bigintcalc\bigintcalc
.sty
Package: bigintcalc 2019/12/15 v1.5 Expandable calculations on big integers (HO
)
))
\Fld@menulength=\count290
\Field@Width=\dimen173
\Fld@charsize=\dimen174
Package hyperref Info: Hyper figures OFF on input line 6063.
Package hyperref Info: Link nesting OFF on input line 6068.
Package hyperref Info: Hyper index ON on input line 6071.
Package hyperref Info: backreferencing OFF on input line 6078.
Package hyperref Info: Link coloring OFF on input line 6083.
Package hyperref Info: Link coloring with OCG OFF on input line 6088.
Package hyperref Info: PDF/A mode OFF on input line 6093.

(C:\Users\mjayn\AppData\Local\Programs\MiKTeX\tex/latex/base\atbegshi-ltx.sty
Package: atbegshi-ltx 2021/01/10 v1.0c Emulation of the original atbegshi
package with kernel methods
)
\Hy@abspage=\count291
\c@Item=\count292
\c@Hfootnote=\count293
)
Package hyperref Info: Driver (autodetected): hpdftex.
(C:\Users\mjayn\AppData\Local\Programs\MiKTeX\tex/latex/hyperref\hpdftex.def
File: hpdftex.def 2024-01-20 v7.01h Hyperref driver for pdfTeX

(C:\Users\mjayn\AppData\Local\Programs\MiKTeX\tex/latex/base\atveryend-ltx.sty
Package: atveryend-ltx 2020/08/19 v1.0a Emulation of the original atveryend pac
kage
with kernel methods
)
\Fld@listcount=\count294
\c@bookmark@seq@number=\count295

(C:\Users\mjayn\AppData\Local\Programs\MiKTeX\tex/latex/rerunfilecheck\rerunfil
echeck.sty
Package: rerunfilecheck 2022-07-10 v1.10 Rerun checks for auxiliary files (HO)

(C:\Users\mjayn\AppData\Local\Programs\MiKTeX\tex/generic/uniquecounter\uniquec
ounter.sty
Package: uniquecounter 2019/12/15 v1.4 Provide unlimited unique counter (HO)
)
Package uniquecounter Info: New unique counter `rerunfilecheck' on input line 2
85.
)
\Hy@SectionHShift=\skip61
)
(C:\Users\mjayn\AppData\Local\Programs\MiKTeX\tex/latex/float\float.sty
Package: float 2001/11/08 v1.3d Float enhancements (AL)
\c@float@type=\count296
\float@exts=\toks26
\float@box=\box55
\@float@everytoks=\toks27
\@floatcapt=\box56
)
(C:\Users\mjayn\AppData\Local\Programs\MiKTeX\tex/latex/algorithms\algorithm.st
y
Package: algorithm 2009/08/24 v0.1 Document Style `algorithm' - floating enviro
nment
 (C:\Users\mjayn\AppData\Local\Programs\MiKTeX\tex/latex/base\ifthen.sty
Package: ifthen 2022/04/13 v1.1d Standard LaTeX ifthen package (DPC)
)
\@float@every@algorithm=\toks28
\c@algorithm=\count297
)
(C:\Users\mjayn\AppData\Local\Programs\MiKTeX\tex/latex/algorithms\algorithmic.
sty
Package: algorithmic 2009/08/24 v0.1 Document Style `algorithmic'
\c@ALC@unique=\count298
\c@ALC@line=\count299
\c@ALC@rem=\count300
\c@ALC@depth=\count301
\ALC@tlm=\skip62
\algorithmicindent=\skip63
)
(C:\Users\mjayn\AppData\Local\Programs\MiKTeX\tex/latex/moreverb\moreverb.sty
Package: moreverb 2008/06/03 v2.3a `more' verbatim facilities

(C:\Users\mjayn\AppData\Local\Programs\MiKTeX\tex/latex/tools\verbatim.sty
Package: verbatim 2023-11-06 v1.5v LaTeX2e package for verbatim enhancements
\every@verbatim=\toks29
\verbatim@line=\toks30
\verbatim@in@stream=\read2
)
\tab@position=\count302
\tab@size=\count303
\listing@line=\count304
)
(C:\Users\mjayn\AppData\Local\Programs\MiKTeX\tex/latex/cite\cite.sty
LaTeX Info: Redefining \cite on input line 302.
LaTeX Info: Redefining \nocite on input line 332.
Package: cite 2015/02/27  v 5.5
)
(C:\Users\mjayn\AppData\Local\Programs\MiKTeX\tex/latex/tabularray\tabularray.s
ty (C:\Users\mjayn\AppData\Local\Programs\MiKTeX\tex/latex/l3kernel\expl3.sty
Package: expl3 2024-03-14 L3 programming layer (loader) 

(C:\Users\mjayn\AppData\Local\Programs\MiKTeX\tex/latex/l3backend\l3backend-pdf
tex.def
File: l3backend-pdftex.def 2024-03-14 L3 backend support: PDF output (pdfTeX)
\l__color_backend_stack_int=\count305
\l__pdf_internal_box=\box57
))
Package: tabularray 2024-02-16 v2024A Typeset tabulars and arrays with LaTeX3
\l__tblr_a_int=\count306
\l__tblr_c_int=\count307
\l__tblr_r_int=\count308
\l__tblr_d_dim=\dimen175
\l__tblr_h_dim=\dimen176
\l__tblr_o_dim=\dimen177
\l__tblr_p_dim=\dimen178
\l__tblr_q_dim=\dimen179
\l__tblr_r_dim=\dimen180
\l__tblr_s_dim=\dimen181
\l__tblr_t_dim=\dimen182
\l__tblr_v_dim=\dimen183
\l__tblr_w_dim=\dimen184
\l__tblr_a_box=\box58
\l__tblr_b_box=\box59
\l__tblr_c_box=\box60
\l__tblr_d_box=\box61
\g__tblr_table_count_int=\count309
\c@rownum=\count310
\c@colnum=\count311
\c@rowcount=\count312
\c@colcount=\count313
\abovesep=\dimen185
\belowsep=\dimen186
\leftsep=\dimen187
\rightsep=\dimen188
\g_tblr_level_int=\count314
\g__tblr_data_row_key_count_int=\count315
\g__tblr_data_column_key_count_int=\count316
\g__tblr_data_cell_key_count_int=\count317
\g__tblr_array_int=\count318
\l__tblr_key_count_int=\count319
\l__tblr_key_quotient_int=\count320
\l__tblr_key_quotient_two_int=\count321
\l__tblr_key_remainder_int=\count322
\g__tblr_data_str_value_count_int=\count323
\rulewidth=\dimen189
\l__tblr_strut_dp_dim=\dimen190
\l__tblr_strut_ht_dim=\dimen191
\g__tblr_cell_wd_dim=\dimen192
\g__tblr_cell_ht_dim=\dimen193
\g__tblr_cell_head_dim=\dimen194
\g__tblr_cell_foot_dim=\dimen195
\l__column_target_dim=\dimen196
\l__tblr_caption_box=\box62
\l__tblr_caption_left_box=\box63
\l__tblr_row_head_box=\box64
\l__tblr_row_foot_box=\box65
\l__tblr_row_head_foot_dim=\dimen197
\tablewidth=\dimen198
\l__tblr_table_firsthead_box=\box66
\l__tblr_table_middlehead_box=\box67
\l__tblr_table_lasthead_box=\box68
\l__tblr_table_firstfoot_box=\box69
\l__tblr_table_middlefoot_box=\box70
\l__tblr_table_lastfoot_box=\box71
\l__tblr_remain_height_dim=\dimen199
\l__tblr_long_from_int=\count324
\l__tblr_long_to_int=\count325
\l__tblr_curr_i_int=\count326
\l__tblr_prev_i_int=\count327
\l__tblr_table_page_int=\count328
\l__tblr_table_head_box=\box72
\l__tblr_table_foot_box=\box73
\l__tblr_table_head_foot_dim=\dimen256
\l__tblr_table_head_body_foot_dim=\dimen257
\l__tblr_table_box=\box74
\l__tblr_table_hlines_box=\box75
\l__tblr_hline_box=\box76
\l__tblr_row_box=\box77
\l__tblr_col_o_wd_dim=\dimen258
\l__tblr_col_b_wd_dim=\dimen259
\l__tblr_hline_leftskip_dim=\dimen260
\l__tblr_hline_rightskip_dim=\dimen261
\l__tblr_row_ht_dim=\dimen262
\l__tblr_row_dp_dim=\dimen263
\l__tblr_row_abovesep_dim=\dimen264
\l__tblr_row_belowsep_dim=\dimen265
\l__tblr_row_vlines_box=\box78
\l__tblr_vline_box=\box79
\l__tblr_cell_box=\box80
\l__row_upper_dim=\dimen266
\l__row_lower_dim=\dimen267
\l__row_vpace_dim=\dimen268
\l__tblr_vline_aboveskip_dim=\dimen269
\l__tblr_vline_belowskip_dim=\dimen270
\l__tblr_cell_wd_dim=\dimen271
\l__tblr_cell_ht_dim=\dimen272
\l__tblr_diag_box=\box81
)
(C:\Users\mjayn\AppData\Local\Programs\MiKTeX\tex/latex/booktabs\booktabs.sty
Package: booktabs 2020/01/12 v1.61803398 Publication quality tables
\heavyrulewidth=\dimen273
\lightrulewidth=\dimen274
\cmidrulewidth=\dimen275
\belowrulesep=\dimen276
\belowbottomsep=\dimen277
\aboverulesep=\dimen278
\abovetopsep=\dimen279
\cmidrulesep=\dimen280
\cmidrulekern=\dimen281
\defaultaddspace=\dimen282
\@cmidla=\count329
\@cmidlb=\count330
\@aboverulesep=\dimen283
\@belowrulesep=\dimen284
\@thisruleclass=\count331
\@lastruleclass=\count332
\@thisrulewidth=\dimen285
)
(C:\Users\mjayn\AppData\Local\Programs\MiKTeX\tex/latex/framed\framed.sty
Package: framed 2011/10/22 v 0.96: framed or shaded text with page breaks
\OuterFrameSep=\skip64
\fb@frw=\dimen286
\fb@frh=\dimen287
\FrameRule=\dimen288
\FrameSep=\dimen289
)
(C:\Users\mjayn\AppData\Local\Programs\MiKTeX\tex/latex/tools\bm.sty
Package: bm 2023/07/08 v1.2f Bold Symbol Support (DPC/FMi)
\symboldoperators=\mathgroup6
\symboldletters=\mathgroup7
\symboldsymbols=\mathgroup8
Package bm Info: No bold for \OMX/cmex/m/n, using \pmb.
Package bm Info: No bold for \U/msa/m/n, using \pmb.
Package bm Info: No bold for \U/msb/m/n, using \pmb.
LaTeX Font Info:    Redeclaring math alphabet \mathbf on input line 149.
)
(C:\Users\mjayn\AppData\Local\Programs\MiKTeX\tex/latex/tools\longtable.sty
Package: longtable 2023-11-01 v4.19 Multi-page Table package (DPC)
\LTleft=\skip65
\LTright=\skip66
\LTpre=\skip67
\LTpost=\skip68
\LTchunksize=\count333
\LTcapwidth=\dimen290
\LT@head=\box82
\LT@firsthead=\box83
\LT@foot=\box84
\LT@lastfoot=\box85
\LT@gbox=\box86
\LT@cols=\count334
\LT@rows=\count335
\c@LT@tables=\count336
\c@LT@chunks=\count337
\LT@p@ftn=\toks31
)
(C:\Users\mjayn\AppData\Local\Programs\MiKTeX\tex/latex/listings\listings.sty
\lst@mode=\count338
\lst@gtempboxa=\box87
\lst@token=\toks32
\lst@length=\count339
\lst@currlwidth=\dimen291
\lst@column=\count340
\lst@pos=\count341
\lst@lostspace=\dimen292
\lst@width=\dimen293
\lst@newlines=\count342
\lst@lineno=\count343
\lst@maxwidth=\dimen294

(C:\Users\mjayn\AppData\Local\Programs\MiKTeX\tex/latex/listings\lstpatch.sty
File: lstpatch.sty 2024/03/11 1.10a (Carsten Heinz)
)
(C:\Users\mjayn\AppData\Local\Programs\MiKTeX\tex/latex/listings\lstmisc.sty
File: lstmisc.sty 2024/03/11 1.10a (Carsten Heinz)
\c@lstnumber=\count344
\lst@skipnumbers=\count345
\lst@framebox=\box88
)
(C:\Users\mjayn\AppData\Local\Programs\MiKTeX\tex/latex/listings\listings.cfg
File: listings.cfg 2024/03/11 1.10a listings configuration
))
Package: listings 2024/03/11 1.10a (Carsten Heinz)
(UPBMain.aux (publicannounce.aux) (intro.aux) (chap2.aux) (prelims.aux)
(chap3.aux) (chap4.aux) (chap5.aux))
\openout1 = `UPBMain.aux'.

LaTeX Font Info:    Checking defaults for OML/cmm/m/it on input line 27.
LaTeX Font Info:    ... okay on input line 27.
LaTeX Font Info:    Checking defaults for OMS/cmsy/m/n on input line 27.
LaTeX Font Info:    ... okay on input line 27.
LaTeX Font Info:    Checking defaults for OT1/cmr/m/n on input line 27.
LaTeX Font Info:    ... okay on input line 27.
LaTeX Font Info:    Checking defaults for T1/cmr/m/n on input line 27.
LaTeX Font Info:    ... okay on input line 27.
LaTeX Font Info:    Checking defaults for TS1/cmr/m/n on input line 27.
LaTeX Font Info:    ... okay on input line 27.
LaTeX Font Info:    Checking defaults for OMX/cmex/m/n on input line 27.
LaTeX Font Info:    ... okay on input line 27.
LaTeX Font Info:    Checking defaults for U/cmr/m/n on input line 27.
LaTeX Font Info:    ... okay on input line 27.
LaTeX Font Info:    Checking defaults for PD1/pdf/m/n on input line 27.
LaTeX Font Info:    ... okay on input line 27.
LaTeX Font Info:    Checking defaults for PU/pdf/m/n on input line 27.
LaTeX Font Info:    ... okay on input line 27.

(C:\Users\mjayn\AppData\Local\Programs\MiKTeX\tex/context/base/mkii\supp-pdf.mk
ii
[Loading MPS to PDF converter (version 2006.09.02).]
\scratchcounter=\count346
\scratchdimen=\dimen295
\scratchbox=\box89
\nofMPsegments=\count347
\nofMParguments=\count348
\everyMPshowfont=\toks33
\MPscratchCnt=\count349
\MPscratchDim=\dimen296
\MPnumerator=\count350
\makeMPintoPDFobject=\count351
\everyMPtoPDFconversion=\toks34
)
(C:\Users\mjayn\AppData\Local\Programs\MiKTeX\tex/latex/epstopdf-pkg\epstopdf-b
ase.sty
Package: epstopdf-base 2020-01-24 v2.11 Base part for package epstopdf
Package epstopdf-base Info: Redefining graphics rule for `.eps' on input line 4
85.

(C:\Users\mjayn\AppData\Local\Programs\MiKTeX\tex/latex/00miktex\epstopdf-sys.c
fg
File: epstopdf-sys.cfg 2021/03/18 v2.0 Configuration of epstopdf for MiKTeX
))
Package caption Info: Begin \AtBeginDocument code.
Package caption Info: float package is loaded.
Package caption Info: hyperref package is loaded.
Package caption Info: listings package is loaded.
Package caption Info: longtable package is loaded.

(C:\Users\mjayn\AppData\Local\Programs\MiKTeX\tex/latex/caption\ltcaption.sty
Package: ltcaption 2021/01/08 v1.4c longtable captions (AR)
)
Package caption Info: End \AtBeginDocument code.
Package hyperref Info: Link coloring OFF on input line 27.

(UPBMain.out) (UPBMain.out)
\@outlinefile=\write4
\openout4 = `UPBMain.out'.

\c@lstlisting=\count352
 [1

{C:/Users/mjayn/AppData/Local/MiKTeX/fonts/map/pdftex/pdftex.map}]
LaTeX Font Info:    Trying to load font information for U+msa on input line 77.


(C:\Users\mjayn\AppData\Local\Programs\MiKTeX\tex/latex/amsfonts\umsa.fd
File: umsa.fd 2013/01/14 v3.01 AMS symbols A
)
LaTeX Font Info:    Trying to load font information for U+msb on input line 77.


(C:\Users\mjayn\AppData\Local\Programs\MiKTeX\tex/latex/amsfonts\umsb.fd
File: umsb.fd 2013/01/14 v3.01 AMS symbols B
)
[2]
\openout2 = `publicannounce.aux'.

 (publicannounce.tex) (UPBMain.toc [3




] [4]
Overfull \hbox (2.34161pt too wide) detected at line 91
\OT1/cmr/m/n/12 Appendix A. 
 []


Overfull \hbox (1.85413pt too wide) detected at line 92
\OT1/cmr/m/n/12 Appendix B. 
 []


Overfull \hbox (2.0194pt too wide) detected at line 93
\OT1/cmr/m/n/12 Appendix C. 
 []


Overfull \hbox (2.5069pt too wide) detected at line 94
\OT1/cmr/m/n/12 Appendix D. 
 []


Overfull \hbox (1.52774pt too wide) detected at line 95
\OT1/cmr/m/n/12 Appendix E. 
 []


Overfull \hbox (1.20135pt too wide) detected at line 96
\OT1/cmr/m/n/12 Appendix F. 
 []


Overfull \hbox (2.75273pt too wide) detected at line 97
\OT1/cmr/m/n/12 Appendix G. 
 []


Overfull \hbox (2.34161pt too wide) detected at line 98
\OT1/cmr/m/n/12 Appendix H. 
 []


Overfull \hbox (2.668pt too wide) detected at line 101
\OT1/cmr/m/n/12 Appendix K. 
 []


Overfull \hbox (0.87497pt too wide) detected at line 102
\OT1/cmr/m/n/12 Appendix L. 
 []


Overfull \hbox (4.29993pt too wide) detected at line 103
\OT1/cmr/m/n/12 Appendix M. 
 []


Overfull \hbox (2.34161pt too wide) detected at line 104
\OT1/cmr/m/n/12 Appendix N. 
 []


Overfull \hbox (2.67216pt too wide) detected at line 105
\OT1/cmr/m/n/12 Appendix O. 
 []


Overfull \hbox (0.54858pt too wide) detected at line 106
\OT1/cmr/m/n/12 Appendix P. 
 []


Overfull \hbox (2.67216pt too wide) detected at line 107
\OT1/cmr/m/n/12 Appendix Q. 
 []

[5]
Overfull \hbox (2.18051pt too wide) detected at line 108
\OT1/cmr/m/n/12 Appendix R. 
 []


Overfull \hbox (2.0194pt too wide) detected at line 110
\OT1/cmr/m/n/12 Appendix T. 
 []

)
\tf@toc=\write5
\openout5 = `UPBMain.toc'.

 [6] [7

] [8

] [9] (UPBMain.lot [10

] [11] [12])
\tf@lot=\write6
\openout6 = `UPBMain.lot'.

 [13] (UPBMain.lof [14

] [15]
[16] [17] [18])
\tf@lof=\write7
\openout7 = `UPBMain.lof'.

 [19]
\openout2 = `intro.aux'.

 (intro.tex
Chapter 1.
[1


] [2] [3] [4]) [5]
\openout2 = `chap2.aux'.

 (chap2.tex
Chapter 2.
[6




]
Underfull \hbox (badness 10000) in paragraph at lines 17--18

 []

[7] [8] [9] [10]
Underfull \hbox (badness 10000) in paragraph at lines 54--55

 []

) [11]
\openout2 = `prelims.aux'.

 (prelims.tex
Chapter 3.
<images/SI.png, id=1045, 271.76532pt x 67.75313pt>
File: images/SI.png Graphic file (type png)
<use images/SI.png>
Package pdftex.def Info: images/SI.png  used on input line 16.
(pdftex.def)             Requested size: 316.19345pt x 85.3611pt.
[12




]
<images/SIR.png, id=1058, 388.45125pt x 89.58469pt>
File: images/SIR.png Graphic file (type png)
<use images/SIR.png>
Package pdftex.def Info: images/SIR.png  used on input line 43.
(pdftex.def)             Requested size: 316.18488pt x 85.36331pt.
 [13 <./images/SI.png>]
<images/SEIR.png, id=1069, 518.6878pt x 82.05656pt>
File: images/SEIR.png Graphic file (type png)
<use images/SEIR.png>
Package pdftex.def Info: images/SEIR.png  used on input line 65.
(pdftex.def)             Requested size: 361.36945pt x 85.35933pt.
 [14 <./images/SIR.png>] [15 <./images/SEIR.png>]
<images/SSpace.png, id=1090, 416.15475pt x 417.35925pt>
File: images/SSpace.png Graphic file (type png)
<use images/SSpace.png>
Package pdftex.def Info: images/SSpace.png  used on input line 104.
(pdftex.def)             Requested size: 316.19835pt x 256.07896pt.

[16]
<images/SI_Location.JPG, id=1096, 286.06876pt x 295.1025pt>
File: images/SI_Location.JPG Graphic file (type jpg)
<use images/SI_Location.JPG>
Package pdftex.def Info: images/SI_Location.JPG  used on input line 118.
(pdftex.def)             Requested size: 284.53156pt x 227.62587pt.
 [17 <./images/SSpace.png>]
<images/SEIR_Agents.jpg, id=1102, 222.8325pt x 281.55188pt>
File: images/SEIR_Agents.jpg Graphic file (type jpg)
<use images/SEIR_Agents.jpg>
Package pdftex.def Info: images/SEIR_Agents.jpg  used on input line 139.
(pdftex.def)             Requested size: 284.55139pt x 284.54558pt.
 [18 <./images/SI_Location.JPG>] [19 <./images/SEIR_Agents.jpg>]
<images/SI_Movement.JPG, id=1118, 294.34969pt x 292.84406pt>
File: images/SI_Movement.JPG Graphic file (type jpg)
<use images/SI_Movement.JPG>
Package pdftex.def Info: images/SI_Movement.JPG  used on input line 178.
(pdftex.def)             Requested size: 227.62457pt x 199.176pt.
 [20 <./images/SI_Movement.JPG>]
<images/SEIR a.png, id=1125, 211.38976pt x 278.2395pt>
File: images/SEIR a.png Graphic file (type png)
<use images/SEIR a.png>
Package pdftex.def Info: images/SEIR a.png  used on input line 206.
(pdftex.def)             Requested size: 173.44756pt x 228.3107pt.

Underfull \hbox (badness 2662) in paragraph at lines 206--206
[]\OT1/cmr/m/n/10 (a) Ini-tial con-fig-u-ra-tion of the SEIR
 []

<images/SEIR b.png, id=1126, 215.00325pt x 278.84175pt>
File: images/SEIR b.png Graphic file (type png)
<use images/SEIR b.png>
Package pdftex.def Info: images/SEIR b.png  used on input line 211.
(pdftex.def)             Requested size: 173.44756pt x 224.95004pt.
[21]
Underfull \hbox (badness 10000) in paragraph at lines 218--219

 []

[22 <./images/SEIR a.png> <./images/SEIR b.png>]) [23]
\openout2 = `chap3.aux'.

 (chap3.tex
Chapter 4.
[24




] [25] [26] [27]
<images/CAD_shp.png, id=1165, 498.36188pt x 487.06969pt>
File: images/CAD_shp.png Graphic file (type png)
<use images/CAD_shp.png>
Package pdftex.def Info: images/CAD_shp.png  used on input line 121.
(pdftex.def)             Requested size: 284.53308pt x 341.43697pt.
 [28]
Overfull \hbox (35.05708pt too wide) in paragraph at lines 126--127
\OT1/cmr/m/n/12 pris-ing in-ter-con-nected rooms and hall-ways, the space was s
ym-bol-ized as $\OML/cmm/m/it/12 C \OT1/cmr/m/n/12 = \OMS/cmsy/m/n/12 f\OML/cmm
/m/it/12 C[]; C[]; C[]; :::; C[]\OMS/cmsy/m/n/12 g$\OT1/cmr/m/n/12 ,
 []


Underfull \hbox (badness 10000) in paragraph at lines 126--127

 []

<images/rooms_shp.png, id=1170, 498.36188pt x 487.06969pt>
File: images/rooms_shp.png Graphic file (type png)
<use images/rooms_shp.png>
Package pdftex.def Info: images/rooms_shp.png  used on input line 132.
(pdftex.def)             Requested size: 284.53308pt x 341.43697pt.
[29 <./images/CAD_shp.png>]
<images/quarantine.png, id=1177, 602.25pt x 385.44pt>
File: images/quarantine.png Graphic file (type png)
<use images/quarantine.png>
Package pdftex.def Info: images/quarantine.png  used on input line 142.
(pdftex.def)             Requested size: 398.35004pt x 312.98102pt.
 [30 <./images/rooms_shp.png>]
<images/hallways_shp.png, id=1185, 498.36188pt x 487.06969pt>
File: images/hallways_shp.png Graphic file (type png)
<use images/hallways_shp.png>
Package pdftex.def Info: images/hallways_shp.png  used on input line 153.
(pdftex.def)             Requested size: 398.34784pt x 341.43697pt.
 [31 <./images/quarantine.png>] [32 <./images/hallways_shp.png>]
<images/road_shp.png, id=1198, 524.96124pt x 579.16376pt>
File: images/road_shp.png Graphic file (type png)
<use images/road_shp.png>
Package pdftex.def Info: images/road_shp.png  used on input line 166.
(pdftex.def)             Requested size: 284.5322pt x 341.42969pt.
<images/GAMA_SHP.png, id=1199, 498.36188pt x 487.06969pt>
File: images/GAMA_SHP.png Graphic file (type png)
<use images/GAMA_SHP.png>
Package pdftex.def Info: images/GAMA_SHP.png  used on input line 174.
(pdftex.def)             Requested size: 398.34784pt x 312.97954pt.
 [33 <./images/road_shp.png>]
[34 <./images/GAMA_SHP.png>]
<images/imit_pos.png, id=1211, 530.58224pt x 380.622pt>
File: images/imit_pos.png Graphic file (type png)
<use images/imit_pos.png>
Package pdftex.def Info: images/imit_pos.png  used on input line 195.
(pdftex.def)             Requested size: 369.89108pt x 227.62573pt.
 [35 <./images/imit_pos.png>]
<images/agent.png, id=1218, 498.36188pt x 487.06969pt>
File: images/agent.png Graphic file (type png)
<use images/agent.png>
Package pdftex.def Info: images/agent.png  used on input line 207.
(pdftex.def)             Requested size: 369.89226pt x 284.52956pt.
 [36 <./images/agent.png>]
<images/class.png, id=1226, 672.71326pt x 404.712pt>
File: images/class.png Graphic file (type png)
<use images/class.png>
Package pdftex.def Info: images/class.png  used on input line 224.
(pdftex.def)             Requested size: 398.34471pt x 284.5439pt.
 [37]
<images/lunch.png, id=1233, 581.7735pt x 477.58424pt>
File: images/lunch.png Graphic file (type png)
<use images/lunch.png>
Package pdftex.def Info: images/lunch.png  used on input line 238.
(pdftex.def)             Requested size: 398.35266pt x 284.53415pt.
 [38 <./images/class.png>] [39 <./images/lunch.png>]
<images/exposed.png, id=1245, 498.36188pt x 487.06969pt>
File: images/exposed.png Graphic file (type png)
<use images/exposed.png>
Package pdftex.def Info: images/exposed.png  used on input line 257.
(pdftex.def)             Requested size: 398.34784pt x 284.52956pt.
 [40 <./images/exposed.png>]
Underfull \hbox (badness 10000) in paragraph at lines 265--266

 []

<images/infected.png, id=1253, 498.36188pt x 487.06969pt>
File: images/infected.png Graphic file (type png)
<use images/infected.png>
Package pdftex.def Info: images/infected.png  used on input line 271.
(pdftex.def)             Requested size: 398.34784pt x 284.52956pt.
[41] [42 <./images/infected.png>]
Underfull \hbox (badness 10000) in paragraph at lines 280--281

 []

<images/recovered.png, id=1266, 498.36188pt x 487.06969pt>
File: images/recovered.png Graphic file (type png)
<use images/recovered.png>
Package pdftex.def Info: images/recovered.png  used on input line 287.
(pdftex.def)             Requested size: 398.34784pt x 284.52956pt.
[43 <./images/recovered.png>] [44]
<images/PR1_G.png, id=1278, 1154.51324pt x 561.297pt>
File: images/PR1_G.png Graphic file (type png)
<use images/PR1_G.png>
Package pdftex.def Info: images/PR1_G.png  used on input line 332.
(pdftex.def)             Requested size: 455.2438pt x 284.5276pt.

Overfull \hbox (3.5563pt too wide) in paragraph at lines 332--333
 [][] 
 []

[45] [46 <./images/PR1_G.png>]
<images/PR2_G.png, id=1291, 1153.30875pt x 561.89925pt>
File: images/PR2_G.png Graphic file (type png)
<use images/PR2_G.png>
Package pdftex.def Info: images/PR2_G.png  used on input line 366.
(pdftex.def)             Requested size: 455.244pt x 284.5328pt.

Overfull \hbox (3.5565pt too wide) in paragraph at lines 366--367
 [][] 
 []

[47] [48 <./images/PR2_G.png>]
<images/PR3_G.png, id=1305, 1155.1155pt x 563.10374pt>
File: images/PR3_G.png Graphic file (type png)
<use images/PR3_G.png>
Package pdftex.def Info: images/PR3_G.png  used on input line 400.
(pdftex.def)             Requested size: 455.23453pt x 284.5241pt.

Overfull \hbox (3.54703pt too wide) in paragraph at lines 400--401
 [][] 
 []

[49] [50 <./images/PR3_G.png>]
<images/PR4_G.png, id=1318, 1155.1155pt x 558.888pt>
File: images/PR4_G.png Graphic file (type png)
<use images/PR4_G.png>
Package pdftex.def Info: images/PR4_G.png  used on input line 435.
(pdftex.def)             Requested size: 455.23453pt x 284.52596pt.

Overfull \hbox (3.54703pt too wide) in paragraph at lines 435--436
 [][] 
 []

[51] [52 <./images/PR4_G.png>]
<images/PR5_G.png, id=1331, 1155.1155pt x 560.0925pt>
File: images/PR5_G.png Graphic file (type png)
<use images/PR5_G.png>
Package pdftex.def Info: images/PR5_G.png  used on input line 470.
(pdftex.def)             Requested size: 455.23453pt x 284.54091pt.

Overfull \hbox (3.54703pt too wide) in paragraph at lines 470--471
 [][] 
 []

[53] [54 <./images/PR5_G.png>]
<images/ER1_G.png, id=1345, 1155.1155pt x 558.888pt>
File: images/ER1_G.png Graphic file (type png)
<use images/ER1_G.png>
Package pdftex.def Info: images/ER1_G.png  used on input line 507.
(pdftex.def)             Requested size: 455.23453pt x 284.52596pt.

Overfull \hbox (3.54703pt too wide) in paragraph at lines 507--508
 [][] 
 []

[55] [56 <./images/ER1_G.png>]
<images/ER2_G.png, id=1358, 1153.30875pt x 564.30824pt>
File: images/ER2_G.png Graphic file (type png)
<use images/ER2_G.png>
Package pdftex.def Info: images/ER2_G.png  used on input line 541.
(pdftex.def)             Requested size: 455.244pt x 284.53856pt.

Overfull \hbox (3.5565pt too wide) in paragraph at lines 541--542
 [][] 
 []

[57] [58 <./images/ER2_G.png>]
File: images/ER2_G.png Graphic file (type png)
<use images/ER2_G.png>
Package pdftex.def Info: images/ER2_G.png  used on input line 576.
(pdftex.def)             Requested size: 455.244pt x 284.53856pt.

Overfull \hbox (3.5565pt too wide) in paragraph at lines 576--577
 [][] 
 []

[59] [60]
<images/ER4_G.png, id=1383, 1155.1155pt x 560.69475pt>
File: images/ER4_G.png Graphic file (type png)
<use images/ER4_G.png>
Package pdftex.def Info: images/ER4_G.png  used on input line 612.
(pdftex.def)             Requested size: 455.23453pt x 284.53032pt.

Overfull \hbox (3.54703pt too wide) in paragraph at lines 612--613
 [][] 
 []

[61] [62 <./images/ER4_G.png>]
<images/NQNLD_G.png, id=1396, 1155.1155pt x 561.297pt>
File: images/NQNLD_G.png Graphic file (type png)
<use images/NQNLD_G.png>
Package pdftex.def Info: images/NQNLD_G.png  used on input line 654.
(pdftex.def)             Requested size: 455.23453pt x 284.5276pt.

Overfull \hbox (3.54703pt too wide) in paragraph at lines 654--655
 [][] 
 []

[63] [64] [65 <./images/NQNLD_G.png>]
<images/DNQNLD.png, id=1412, 285.31593pt x 212.29312pt>
File: images/DNQNLD.png Graphic file (type png)
<use images/DNQNLD.png>
Package pdftex.def Info: images/DNQNLD.png  used on input line 662.
(pdftex.def)             Requested size: 341.43268pt x 312.99683pt.
 [66 <./images/DNQNLD.png>]
<images/LDNQ_G.png, id=1420, 1154.51324pt x 564.30824pt>
File: images/LDNQ_G.png Graphic file (type png)
<use images/LDNQ_G.png>
Package pdftex.def Info: images/LDNQ_G.png  used on input line 711.
(pdftex.def)             Requested size: 455.2438pt x 284.53856pt.

Overfull \hbox (3.5563pt too wide) in paragraph at lines 711--712
 [][] 
 []

[67] [68]
<images/DLDNQ.png, id=1432, 286.82156pt x 222.8325pt>
File: images/DLDNQ.png Graphic file (type png)
<use images/DLDNQ.png>
Package pdftex.def Info: images/DLDNQ.png  used on input line 719.
(pdftex.def)             Requested size: 341.44005pt x 313.00722pt.
 [69 <./images/LDNQ_G.png>] [70 <./images/DLDNQ.png>]
<images/QNLD_G.png, id=1444, 1155.1155pt x 560.0925pt>
File: images/QNLD_G.png Graphic file (type png)
<use images/QNLD_G.png>
Package pdftex.def Info: images/QNLD_G.png  used on input line 769.
(pdftex.def)             Requested size: 455.23453pt x 284.54091pt.

Overfull \hbox (3.54703pt too wide) in paragraph at lines 769--770
 [][] 
 []

[71]
<images/DQNLD.png, id=1451, 352.31625pt x 245.41687pt>
File: images/DQNLD.png Graphic file (type png)
<use images/DQNLD.png>
Package pdftex.def Info: images/DQNLD.png  used on input line 777.
(pdftex.def)             Requested size: 341.43454pt x 312.99036pt.
 [72 <./images/QNLD_G.png>] [73 <./images/DQNLD.png>]
<images/QLD_G.png, id=1464, 1155.1155pt x 557.6835pt>
File: images/QLD_G.png Graphic file (type png)
<use images/QLD_G.png>
Package pdftex.def Info: images/QLD_G.png  used on input line 827.
(pdftex.def)             Requested size: 455.23453pt x 284.53395pt.

Overfull \hbox (3.54703pt too wide) in paragraph at lines 827--828
 [][] 
 []

[74] [75] [76 <./images/QLD_G.png>]
<images/DLDQ.png, id=1480, 353.06906pt x 244.66406pt>
File: images/DLDQ.png Graphic file (type png)
<use images/DLDQ.png>
Package pdftex.def Info: images/DLDQ.png  used on input line 835.
(pdftex.def)             Requested size: 341.4368pt x 312.98598pt.
 [77 <./images/DLDQ.png>]) [78]
\openout2 = `chap4.aux'.

 (chap4.tex
Chapter 5.
<images/PR_0.png, id=1492, 1181.41376pt x 289.08pt>
File: images/PR_0.png Graphic file (type png)
<use images/PR_0.png>
Package pdftex.def Info: images/PR_0.png  used on input line 17.
(pdftex.def)             Requested size: 455.23328pt x 113.8082pt.

Overfull \hbox (3.54578pt too wide) in paragraph at lines 17--18
 [][] 
 []

[79




 <./images/PR_0.png>] [80]
<images/PR_25.png, id=1505, 1181.41376pt x 289.08pt>
File: images/PR_25.png Graphic file (type png)
<use images/PR_25.png>
Package pdftex.def Info: images/PR_25.png  used on input line 63.
(pdftex.def)             Requested size: 455.23328pt x 170.71451pt.

Overfull \hbox (3.54578pt too wide) in paragraph at lines 63--64
 [][] 
 []

[81 <./images/PR_25.png>]

Package caption Warning: \label without proper reference on input line 82.
See the caption package documentation for explanation.


LaTeX Warning: Reference `PR2_Max' on page 82 undefined on input line 87.

[82]
<images/PR_50.png, id=1517, 1181.41376pt x 289.08pt>
File: images/PR_50.png Graphic file (type png)
<use images/PR_50.png>
Package pdftex.def Info: images/PR_50.png  used on input line 112.
(pdftex.def)             Requested size: 455.23328pt x 170.71451pt.

Overfull \hbox (3.54578pt too wide) in paragraph at lines 112--113
 [][] 
 []

[83 <./images/PR_50.png>] [84]
<images/PR_75.png, id=1531, 1181.41376pt x 289.08pt>
File: images/PR_75.png Graphic file (type png)
<use images/PR_75.png>
Package pdftex.def Info: images/PR_75.png  used on input line 160.
(pdftex.def)             Requested size: 455.23328pt x 199.16986pt.

Overfull \hbox (3.54578pt too wide) in paragraph at lines 160--161
 [][] 
 []

[85 <./images/PR_75.png>] [86]
<images/PR_100.png, id=1544, 1181.41376pt x 289.08pt>
File: images/PR_100.png Graphic file (type png)
<use images/PR_100.png>
Package pdftex.def Info: images/PR_100.png  used on input line 208.
(pdftex.def)             Requested size: 455.23328pt x 227.62082pt.

Overfull \hbox (3.54578pt too wide) in paragraph at lines 208--209
 [][] 
 []

[87 <./images/PR_100.png>] [88]
<images/PR0.png, id=1557, 1181.41376pt x 289.08pt>
File: images/PR0.png Graphic file (type png)
<use images/PR0.png>
Package pdftex.def Info: images/PR0.png  used on input line 255.
(pdftex.def)             Requested size: 209.58072pt x 108.40472pt.
<images/PR25.png, id=1558, 1181.41376pt x 289.08pt>
File: images/PR25.png Graphic file (type png)
<use images/PR25.png>
Package pdftex.def Info: images/PR25.png  used on input line 258.
(pdftex.def)             Requested size: 209.58072pt x 108.40472pt.
<images/PR50.png, id=1559, 1181.41376pt x 289.08pt>
File: images/PR50.png Graphic file (type png)
<use images/PR50.png>
Package pdftex.def Info: images/PR50.png  used on input line 261.
(pdftex.def)             Requested size: 209.58072pt x 108.40472pt.
<images/PR75.png, id=1560, 1181.41376pt x 289.08pt>
File: images/PR75.png Graphic file (type png)
<use images/PR75.png>
Package pdftex.def Info: images/PR75.png  used on input line 264.
(pdftex.def)             Requested size: 209.58072pt x 108.40472pt.
<images/PR100.png, id=1561, 1181.41376pt x 289.08pt>
File: images/PR100.png Graphic file (type png)
<use images/PR100.png>
Package pdftex.def Info: images/PR100.png  used on input line 267.
(pdftex.def)             Requested size: 209.58072pt x 108.40472pt.
 [89] [90 <./images/PR0.png> <./images/PR25.png> <./images/PR50.png> <./images/
PR75.png> <./images/PR100.png>]
<images/PR5.png, id=1587, 1181.41376pt x 289.08pt>
File: images/PR5.png Graphic file (type png)
<use images/PR5.png>
Package pdftex.def Info: images/PR5.png  used on input line 284.
(pdftex.def)             Requested size: 455.23328pt x 199.16986pt.

Overfull \hbox (3.54578pt too wide) in paragraph at lines 284--285
 [][] 
 []

[91] [92 <./images/PR5.png>]
<images/PR_IR.png, id=1598, 362.664pt x 203.013pt>
File: images/PR_IR.png Graphic file (type png)
<use images/PR_IR.png>
Package pdftex.def Info: images/PR_IR.png  used on input line 303.
(pdftex.def)             Requested size: 455.24911pt x 227.6332pt.

Overfull \hbox (3.56161pt too wide) in paragraph at lines 303--304
 [][] 
 []

[93 <./images/PR_IR.png>]
<images/ER_0.png, id=1606, 1202.4925pt x 291.0875pt>
File: images/ER_0.png Graphic file (type png)
<use images/ER_0.png>
Package pdftex.def Info: images/ER_0.png  used on input line 334.
(pdftex.def)             Requested size: 455.24548pt x 199.17165pt.

Overfull \hbox (3.55798pt too wide) in paragraph at lines 334--335
 [][] 
 []

[94] [95 <./images/ER_0.png>]
<images/ER_25.png, id=1618, 1202.4925pt x 291.0875pt>
File: images/ER_25.png Graphic file (type png)
<use images/ER_25.png>
Package pdftex.def Info: images/ER_25.png  used on input line 376.
(pdftex.def)             Requested size: 455.24548pt x 199.17165pt.

Overfull \hbox (3.55798pt too wide) in paragraph at lines 376--377
 [][] 
 []

[96] [97 <./images/ER_25.png>]
<images/ER_50.png, id=1632, 1213.53375pt x 292.09125pt>
File: images/ER_50.png Graphic file (type png)
<use images/ER_50.png>
Package pdftex.def Info: images/ER_50.png  used on input line 422.
(pdftex.def)             Requested size: 455.24069pt x 199.17653pt.

Overfull \hbox (3.55319pt too wide) in paragraph at lines 422--423
 [][] 
 []

[98] [99 <./images/ER_50.png>]
<images/ER_75.png, id=1645, 1202.4925pt x 291.0875pt>
File: images/ER_75.png Graphic file (type png)
<use images/ER_75.png>
Package pdftex.def Info: images/ER_75.png  used on input line 466.
(pdftex.def)             Requested size: 455.24548pt x 199.17165pt.

Overfull \hbox (3.55798pt too wide) in paragraph at lines 466--467
 [][] 
 []

[100] [101 <./images/ER_75.png>]
<images/ER0.png, id=1658, 1177.39874pt x 291.0875pt>
File: images/ER0.png Graphic file (type png)
<use images/ER0.png>
Package pdftex.def Info: images/ER0.png  used on input line 511.
(pdftex.def)             Requested size: 209.56912pt x 108.40245pt.
<images/ER25.png, id=1659, 1177.39874pt x 291.0875pt>
File: images/ER25.png Graphic file (type png)
<use images/ER25.png>
Package pdftex.def Info: images/ER25.png  used on input line 514.
(pdftex.def)             Requested size: 209.56912pt x 108.40245pt.
<images/ER50.png, id=1660, 1177.39874pt x 291.0875pt>
File: images/ER50.png Graphic file (type png)
<use images/ER50.png>
Package pdftex.def Info: images/ER50.png  used on input line 517.
(pdftex.def)             Requested size: 209.56912pt x 108.40245pt.
<images/ER75.png, id=1661, 1177.39874pt x 291.0875pt>
File: images/ER75.png Graphic file (type png)
<use images/ER75.png>
Package pdftex.def Info: images/ER75.png  used on input line 520.
(pdftex.def)             Requested size: 209.56912pt x 108.40245pt.
 [102] [103 <./images/ER0.png> <./images/ER25.png> <./images/ER50.png> <./image
s/ER75.png>]
<images/ER4.png, id=1683, 1177.39874pt x 291.0875pt>
File: images/ER4.png Graphic file (type png)
<use images/ER4.png>
Package pdftex.def Info: images/ER4.png  used on input line 536.
(pdftex.def)             Requested size: 455.24919pt x 227.62474pt.

Overfull \hbox (3.56169pt too wide) in paragraph at lines 536--537
 [][] 
 []

[104 <./images/ER4.png>]
<images/ER_IR.png, id=1690, 360.693pt x 196.881pt>
File: images/ER_IR.png Graphic file (type png)
<use images/ER_IR.png>
Package pdftex.def Info: images/ER_IR.png  used on input line 554.
(pdftex.def)             Requested size: 455.2461pt x 227.62807pt.

Overfull \hbox (3.5586pt too wide) in paragraph at lines 554--555
 [][] 
 []

[105] [106 <./images/ER_IR.png>] [107]
<images/3.1a.png, id=1705, 510.10574pt x 425.1885pt>
File: images/3.1a.png Graphic file (type png)
<use images/3.1a.png>
Package pdftex.def Info: images/3.1a.png  used on input line 600.
(pdftex.def)             Requested size: 173.44756pt x 144.57515pt.
<images/3.1b.png, id=1706, 363.15675pt x 251.13824pt>
File: images/3.1b.png Graphic file (type png)
<use images/3.1b.png>
Package pdftex.def Info: images/3.1b.png  used on input line 605.
(pdftex.def)             Requested size: 173.44756pt x 119.95102pt.
<images/NQNLD.png, id=1709, 1181.41376pt x 289.08pt>
File: images/NQNLD.png Graphic file (type png)
<use images/NQNLD.png>
Package pdftex.def Info: images/NQNLD.png  used on input line 614.
(pdftex.def)             Requested size: 455.23328pt x 199.16986pt.

Overfull \hbox (3.54578pt too wide) in paragraph at lines 614--615
 [][] 
 []

[108 <./images/3.1a.png> <./images/3.1b.png>] [109 <./images/NQNLD.png>]
<images/3.2a.png, id=1728, 647.41875pt x 398.08725pt>
File: images/3.2a.png Graphic file (type png)
<use images/3.2a.png>
Package pdftex.def Info: images/3.2a.png  used on input line 657.
(pdftex.def)             Requested size: 202.35738pt x 180.67441pt.
<images/3.2b.png, id=1729, 447.47176pt x 308.352pt>
File: images/3.2b.png Graphic file (type png)
<use images/3.2b.png>
Package pdftex.def Info: images/3.2b.png  used on input line 660.
(pdftex.def)             Requested size: 202.35046pt x 180.67926pt.

[110]
<images/LDNQ.png, id=1735, 1181.41376pt x 289.08pt>
File: images/LDNQ.png Graphic file (type png)
<use images/LDNQ.png>
Package pdftex.def Info: images/LDNQ.png  used on input line 666.
(pdftex.def)             Requested size: 455.23328pt x 199.16986pt.

Overfull \hbox (3.54578pt too wide) in paragraph at lines 666--667
 [][] 
 []

[111 <./images/3.2a.png> <./images/3.2b.png> <./images/LDNQ.png>] [112]
<images/QJNLD.png, id=1749, 1181.41376pt x 289.08pt>
File: images/QJNLD.png Graphic file (type png)
<use images/QJNLD.png>
Package pdftex.def Info: images/QJNLD.png  used on input line 710.
(pdftex.def)             Requested size: 455.23328pt x 199.16986pt.

Overfull \hbox (3.54578pt too wide) in paragraph at lines 710--711
 [][] 
 []

[113 <./images/QJNLD.png>]
<images/qua.png, id=1758, 455.90324pt x 281.25075pt>
File: images/qua.png Graphic file (type png)
<use images/qua.png>
Package pdftex.def Info: images/qua.png  used on input line 747.
(pdftex.def)             Requested size: 202.35803pt x 180.67361pt.
<images/3.3b.png, id=1759, 491.436pt x 340.8735pt>
File: images/3.3b.png Graphic file (type png)
<use images/3.3b.png>
Package pdftex.def Info: images/3.3b.png  used on input line 750.
(pdftex.def)             Requested size: 202.35991pt x 180.67769pt.
 [114]
<images/QLD.png, id=1765, 1181.41376pt x 289.08pt>
File: images/QLD.png Graphic file (type png)
<use images/QLD.png>
Package pdftex.def Info: images/QLD.png  used on input line 763.
(pdftex.def)             Requested size: 455.23328pt x 199.16986pt.

Overfull \hbox (3.54578pt too wide) in paragraph at lines 763--764
 [][] 
 []

[115 <./images/qua.png> <./images/3.3b.png>] [116 <./images/QLD.png>]
<images/NQNLD3.png, id=1781, 1144.275pt x 292.09125pt>
File: images/NQNLD3.png Graphic file (type png)
<use images/NQNLD3.png>
Package pdftex.def Info: images/NQNLD3.png  used on input line 805.
(pdftex.def)             Requested size: 209.57487pt x 108.40633pt.
<images/LNQ2.png, id=1782, 1144.275pt x 292.09125pt>
File: images/LNQ2.png Graphic file (type png)
<use images/LNQ2.png>
Package pdftex.def Info: images/LNQ2.png  used on input line 808.
(pdftex.def)             Requested size: 209.57487pt x 108.40633pt.
<images/QNLD1.png, id=1783, 1144.275pt x 292.09125pt>
File: images/QNLD1.png Graphic file (type png)
<use images/QNLD1.png>
Package pdftex.def Info: images/QNLD1.png  used on input line 810.
(pdftex.def)             Requested size: 209.57487pt x 108.40633pt.
<images/QLD0.png, id=1784, 1144.275pt x 292.09125pt>
File: images/QLD0.png Graphic file (type png)
<use images/QLD0.png>
Package pdftex.def Info: images/QLD0.png  used on input line 813.
(pdftex.def)             Requested size: 209.57487pt x 108.40633pt.
 [117]
[118 <./images/NQNLD3.png> <./images/LNQ2.png> <./images/QNLD1.png> <./images/Q
LD0.png>]
<images/LDQ_4.png, id=1806, 1144.275pt x 292.09125pt>
File: images/LDQ_4.png Graphic file (type png)
<use images/LDQ_4.png>
Package pdftex.def Info: images/LDQ_4.png  used on input line 832.
(pdftex.def)             Requested size: 455.24pt x 227.62967pt.

Overfull \hbox (3.5525pt too wide) in paragraph at lines 832--833
 [][] 
 []

[119 <./images/LDQ_4.png>]
<images/LDQ_IR.png, id=1813, 362.883pt x 196.224pt>
File: images/LDQ_IR.png Graphic file (type png)
<use images/LDQ_IR.png>
Package pdftex.def Info: images/LDQ_IR.png  used on input line 868.
(pdftex.def)             Requested size: 455.25269pt x 227.62598pt.

Overfull \hbox (3.56519pt too wide) in paragraph at lines 868--869
 [][] 
 []

[120] [121 <./images/LDQ_IR.png>]) [122]
\openout2 = `chap5.aux'.

 (chap5.tex
Chapter 6.
[123




] [124] [125]) [126] (UPBMain.bbl [127



] [128] [129]
Underfull \hbox (badness 2326) in paragraph at lines 204--208
[]\OT1/cmr/m/sc/12 V. So-ri-ano, P. Ganado-Pinilla, M. Sanchez-Santos, F. G[]om
ez-
 []

[130]) (appendix.tex [131]
Appendix A.

Package hyperref Warning: Token not allowed in a PDF string (Unicode):
(hyperref)                removing `\\' on input line 1.

<images/popu.jpg, id=1901, 1428.33624pt x 2055.68pt>
File: images/popu.jpg Graphic file (type jpg)
<use images/popu.jpg>
Package pdftex.def Info: images/popu.jpg  used on input line 5.
(pdftex.def)             Requested size: 455.24619pt x 426.78091pt.

Overfull \hbox (3.55869pt too wide) in paragraph at lines 5--6
 [][] 
 []

[132

 <./images/popu.jpg>]) (appendix1.tex [133]
Appendix B.
[134

]) (appendix2.tex [135]
Appendix C.
[136

]) (appendix3.tex [137]
Appendix D.
[138

]) (appendix4.tex [139]
Appendix E.
[140

]) (appendix5.tex [141]
Appendix F.
[142

]) (appendix5.5.tex [143]
Appendix G.

Package hyperref Warning: Token not allowed in a PDF string (Unicode):
(hyperref)                removing `\\' on input line 1.

) (appendix6.tex [144

]
Appendix H.
[145

]) (appendix7.tex [146]
Appendix I.
[147

]) (appendix8.tex [148]
Appendix J.
[149

]) (appendix9.tex [150]
Appendix K.
[151

]) (appendix13.5.tex [152]
Appendix L.

Package hyperref Warning: Token not allowed in a PDF string (Unicode):
(hyperref)                removing `\\' on input line 1.


Package hyperref Warning: Token not allowed in a PDF string (Unicode):
(hyperref)                removing `\\' on input line 1.

) (appendix10.tex [153

]
Appendix M.

Package hyperref Warning: Token not allowed in a PDF string (Unicode):
(hyperref)                removing `\\' on input line 1.

[154

]) (appendix11.tex [155]
Appendix N.

Package hyperref Warning: Token not allowed in a PDF string (Unicode):
(hyperref)                removing `\\' on input line 1.

[156

]) (appendix12.tex [157]
Appendix O.

Package hyperref Warning: Token not allowed in a PDF string (Unicode):
(hyperref)                removing `\\' on input line 1.

[158

]) (appendix13.tex [159]
Appendix P.
[160

]) (appendix9.9.tex [161]
Appendix Q.

Package hyperref Warning: Token not allowed in a PDF string (Unicode):
(hyperref)                removing `\\' on input line 1.

) (code.tex [162

]
Appendix R.
LaTeX Font Info:    Trying to load font information for OMS+cmr on input line 1
4.
(C:\Users\mjayn\AppData\Local\Programs\MiKTeX\tex/latex/base\omscmr.fd
File: omscmr.fd 2023/04/13 v2.5m Standard LaTeX font definitions
)
LaTeX Font Info:    Font shape `OMS/cmr/m/n' in size <8> not available
(Font)              Font shape `OMS/cmsy/m/n' tried instead on input line 14.
LaTeX Font Info:    Trying to load font information for OML+cmr on input line 1
6.

(C:\Users\mjayn\AppData\Local\Programs\MiKTeX\tex/latex/base\omlcmr.fd
File: omlcmr.fd 2023/04/13 v2.5m Standard LaTeX font definitions
)
LaTeX Font Info:    Font shape `OML/cmr/m/n' in size <8> not available
(Font)              Font shape `OML/cmm/m/it' tried instead on input line 16.

Overfull \hbox (12.42278pt too wide) in paragraph at lines 16--17
[][][][][][][][][][][][][][][][][][][][][][][][][][][][][][][][][] 
 []


Overfull \hbox (22.623pt too wide) in paragraph at lines 17--18
[][][][][][][][][][][][][][][][][][][][][][][] 
 []


Overfull \hbox (22.623pt too wide) in paragraph at lines 31--32
[][][][][][][][][][][][][][][][][][][][][][][][][][][][][][] 
 []

[163

] [164] [165] [166] [167]
Overfull \hbox (27.72311pt too wide) in paragraph at lines 266--267
[][][][][][][][][][][][][][][][][][][][][][][][][][] 
 []

[168]
Overfull \hbox (119.52515pt too wide) in paragraph at lines 313--314
[][][][][][][][][][][][][][][][][][][][][][][][][][][][][][][][][][][] 
 []

[169]
Overfull \hbox (48.12357pt too wide) in paragraph at lines 326--327
[][][][][][][][][][][][][][][][][][][][][][][][][][][][][][][][][][] 
 []


Overfull \hbox (22.623pt too wide) in paragraph at lines 339--340
[][][][][][][][][][][][][][][][][][][][][][][][][][][][][][][][][][][][][] 
 []


Overfull \hbox (22.623pt too wide) in paragraph at lines 348--349
[][][][][][][][][][][][][][][][][][][][][][][][][][]
 []

[170]
Overfull \hbox (17.52289pt too wide) in paragraph at lines 396--397
[][][][][][][][][][][][][][][][][][][][][][][][][] 
 []

[171]
Overfull \hbox (12.42278pt too wide) in paragraph at lines 421--422
[][][][][][][][][][][][][][][][][][][][][][][][][][][][][][][][][] 
 []

[172]
Overfull \hbox (12.42278pt too wide) in paragraph at lines 470--471
[][][][][][][][][][][][][][][][][][][][][][][][][][][][][][][][][][][][][][] 
 []


Overfull \hbox (78.72424pt too wide) in paragraph at lines 471--473
[][][][][][][][][][][][][][][][][][][][][][][][][][][][][][][][][][][][][][][][
][][][][][][][] 
 []

[173] [174]) (code2.tex [175]
Appendix S.

Package hyperref Warning: Token not allowed in a PDF string (Unicode):
(hyperref)                removing `\\' on input line 1.


Overfull \hbox (45.56964pt too wide) in paragraph at lines 36--36
[]    \OT1/cmtt/m/n/8 int susceptible <- init_human_pop - (init_inf + init_expo
) update: (init_human_pop-(exposed+infected+recovered));[] 
 []

[176

]
Overfull \hbox (20.06927pt too wide) in paragraph at lines 52--52
[]   \OT1/cmtt/m/n/8 int current_day <-1 update:current_date.hour = 0 and curre
nt_date.minute = 0 ? current_day + 1: current_day;[] 
 []

[177] [178] [179] [180] [181]
Overfull \hbox (7.31909pt too wide) in paragraph at lines 304--304
[]            \OT1/cmtt/m/n/8 }//end people at distance; computes if iyong dist
ance ng neighbor is pasok sa infection distance[] 
 []

[182] [183] [184] [185] [186] [187]) (code3.tex [188]
Appendix T.

Package hyperref Warning: Token not allowed in a PDF string (Unicode):
(hyperref)                removing `\\' on input line 2.

[189

]
Overfull \hbox (37.06952pt too wide) in paragraph at lines 50--50
[]       \OT1/cmtt/m/n/8 int current_day <-1 update:current_date.hour = 0 and c
urrent_date.minute = 0 ? current_day + 1: current_day;[] 
 []

[190] [191] [192] [193]
Overfull \hbox (15.81921pt too wide) in paragraph at lines 247--247
[]                        \OT1/cmtt/m/n/8 if ((cycle_number - infected_time >= 
144) and (cycle_number - infected_time <= 2016)){[] 
 []

[194] [195] [196] [197]
Overfull \hbox (11.56915pt too wide) in paragraph at lines 446--446
[]                        \OT1/cmtt/m/n/8 if((cycle_number - infected_time >= 1
44) and (cycle_number - infected_time <= 2016)){[] 
 []


Overfull \hbox (11.56915pt too wide) in paragraph at lines 453--453
[]                        \OT1/cmtt/m/n/8 if((cycle_number - infected_time >= 1
44) and (cycle_number - infected_time <= 2016)){[] 
 []

[198] [199] [200] [201]) [202] (UPBMain.aux (publicannounce.aux) (intro.aux)
(chap2.aux) (prelims.aux) (chap3.aux) (chap4.aux) (chap5.aux))
 ***********
LaTeX2e <2023-11-01> patch level 1
L3 programming layer <2024-03-14>
 ***********


LaTeX Warning: There were undefined references.

Package rerunfilecheck Info: File `UPBMain.out' has not changed.
(rerunfilecheck)             Checksum: 152AEC432F4B36226363D1627E80F95C;23023.
 ) 
Here is how much of TeX's memory you used:
 18194 strings out of 474424
 307899 string characters out of 5741740
 2016496 words of memory out of 5000000
 39122 multiletter control sequences out of 15000+600000
 579096 words of font info for 111 fonts, out of 8000000 for 9000
 1141 hyphenation exceptions out of 8191
 75i,15n,79p,2270b,1883s stack positions out of 10000i,1000n,20000p,200000b,200000s
 <C:\Users\mjayn\AppData\Local\MiKTeX\fonts/pk/ljfour/jknappen/ec/dpi600\tcrm
0800.pk> <C:\Users\mjayn\AppData\Local\MiKTeX\fonts/pk/ljfour/jknappen/ec/dpi60
0\tcrm1200.pk><C:/Users/mjayn/AppData/Local/Programs/MiKTeX/fonts/type1/public/
amsfonts/cm/cmbx12.pfb><C:/Users/mjayn/AppData/Local/Programs/MiKTeX/fonts/type
1/public/amsfonts/cm/cmbxti10.pfb><C:/Users/mjayn/AppData/Local/Programs/MiKTeX
/fonts/type1/public/amsfonts/cm/cmcsc10.pfb><C:/Users/mjayn/AppData/Local/Progr
ams/MiKTeX/fonts/type1/public/amsfonts/cm/cmmi10.pfb><C:/Users/mjayn/AppData/Lo
cal/Programs/MiKTeX/fonts/type1/public/amsfonts/cm/cmmi12.pfb><C:/Users/mjayn/A
ppData/Local/Programs/MiKTeX/fonts/type1/public/amsfonts/cm/cmmi8.pfb><C:/Users
/mjayn/AppData/Local/Programs/MiKTeX/fonts/type1/public/amsfonts/cm/cmr10.pfb><
C:/Users/mjayn/AppData/Local/Programs/MiKTeX/fonts/type1/public/amsfonts/cm/cmr
12.pfb><C:/Users/mjayn/AppData/Local/Programs/MiKTeX/fonts/type1/public/amsfont
s/cm/cmr8.pfb><C:/Users/mjayn/AppData/Local/Programs/MiKTeX/fonts/type1/public/
amsfonts/cm/cmsl12.pfb><C:/Users/mjayn/AppData/Local/Programs/MiKTeX/fonts/type
1/public/amsfonts/cm/cmsy10.pfb><C:/Users/mjayn/AppData/Local/Programs/MiKTeX/f
onts/type1/public/amsfonts/cm/cmsy8.pfb><C:/Users/mjayn/AppData/Local/Programs/
MiKTeX/fonts/type1/public/amsfonts/cm/cmti12.pfb><C:/Users/mjayn/AppData/Local/
Programs/MiKTeX/fonts/type1/public/amsfonts/cm/cmtt8.pfb>
Output written on UPBMain.pdf (221 pages, 23738661 bytes).
PDF statistics:
 3055 PDF objects out of 3580 (max. 8388607)
 1080 named destinations out of 1200 (max. 500000)
 1122 words of extra memory for PDF output out of 10000 (max. 10000000)

